#
# There is insufficient memory for the Java Runtime Environment to continue.
# Native memory allocation (malloc) failed to allocate 35008 bytes for Chunk::new
# Possible reasons:
#   The system is out of physical RAM or swap space
#   The process is running with CompressedOops enabled, and the Java Heap may be blocking the growth of the native heap
# Possible solutions:
#   Reduce memory load on the system
#   Increase physical memory or swap space
#   Check if swap backing store is full
#   Decrease Java heap size (-Xmx/-Xms)
#   Decrease number of Java threads
#   Decrease Java thread stack sizes (-Xss)
#   Set larger code cache with -XX:ReservedCodeCacheSize=
#   JVM is running with Unscaled Compressed Oops mode in which the Java heap is
#     placed in the first 4GB address space. The Java Heap base address is the
#     maximum limit for the native heap growth. Please use -XX:HeapBaseMinAddress
#     to set the Java Heap base and to place the Java Heap above 4GB virtual address.
# This output file may be truncated or incomplete.
#
#  Out of Memory Error (./src/hotspot/share/memory/arena.cpp:197), pid=10128, tid=8408
#
# JRE version: OpenJDK Runtime Environment (11.0.13) (build 11.0.13+0-b1751.21-8125866)
# Java VM: OpenJDK 64-Bit Server VM (11.0.13+0-b1751.21-8125866, mixed mode, tiered, compressed oops, g1 gc, windows-amd64)
# No core dump will be written. Minidumps are not enabled by default on client versions of Windows
#

---------------  S U M M A R Y ------------

Command Line: --add-opens=java.base/java.util=ALL-UNNAMED --add-opens=java.base/java.lang=ALL-UNNAMED --add-opens=java.base/java.lang.invoke=ALL-UNNAMED --add-opens=java.base/java.util=ALL-UNNAMED --add-opens=java.prefs/java.util.prefs=ALL-UNNAMED --add-opens=java.prefs/java.util.prefs=ALL-UNNAMED --add-opens=java.base/java.nio.charset=ALL-UNNAMED --add-opens=java.base/java.net=ALL-UNNAMED --add-opens=java.base/java.util.concurrent.atomic=ALL-UNNAMED -Xmx2048m -Dfile.encoding=UTF-8 -Duser.country=RU -Duser.language=ru -Duser.variant org.gradle.launcher.daemon.bootstrap.GradleDaemon 7.4

Host: Intel(R) Core(TM) i3-9100F CPU @ 3.60GHz, 4 cores, 11G,  Windows 10 , 64 bit Build 19041 (10.0.19041.2251)
Time: Fri Nov 11 12:33:33 2022 RTZ 2 (зима) elapsed time: 43.616844 seconds (0d 0h 0m 43s)

---------------  T H R E A D  ---------------

Current thread (0x0000017d32367000):  JavaThread "C2 CompilerThread1" daemon [_thread_in_native, id=8408, stack(0x0000004463200000,0x0000004463300000)]


Current CompileTask:
C2:  43616 15330 % !   4       com.sun.crypto.provider.PKCS12PBECipherCore::derive @ 233 (501 bytes)

Stack: [0x0000004463200000,0x0000004463300000]
Native frames: (J=compiled Java code, j=interpreted, Vv=VM code, C=native code)
V  [jvm.dll+0x6100fa]
V  [jvm.dll+0x747090]
V  [jvm.dll+0x7486ad]
V  [jvm.dll+0x748d83]
V  [jvm.dll+0x24ab48]
V  [jvm.dll+0xc04dc]
V  [jvm.dll+0xc0a0c]
V  [jvm.dll+0x665f7b]
V  [jvm.dll+0x19dbb2]
V  [jvm.dll+0x2033be]
V  [jvm.dll+0x202437]
V  [jvm.dll+0x188e01]
V  [jvm.dll+0x21106b]
V  [jvm.dll+0x20f8c1]
V  [jvm.dll+0x70de0f]
V  [jvm.dll+0x706a75]
V  [jvm.dll+0x60ed66]
C  [ucrtbase.dll+0x21bb2]
C  [KERNEL32.DLL+0x174b4]
C  [ntdll.dll+0x526a1]


---------------  P R O C E S S  ---------------

Threads class SMR info:
_java_thread_list=0x0000017d32f84bc0, length=108, elements={
0x0000017d12abb000, 0x0000017d2c6ee800, 0x0000017d2c6f7800, 0x0000017d2cf29800,
0x0000017d2cf2b800, 0x0000017d2cf2c800, 0x0000017d2cf30000, 0x0000017d2cf74800,
0x0000017d2cf79000, 0x0000017d2d106800, 0x0000017d2f679000, 0x0000017d2f536800,
0x0000017d2f520800, 0x0000017d2ea3e800, 0x0000017d2deb1800, 0x0000017d307d4000,
0x0000017d307e1800, 0x0000017d2f51b800, 0x0000017d3070d000, 0x0000017d30acc800,
0x0000017d2f571800, 0x0000017d2f575800, 0x0000017d2f577000, 0x0000017d2f576800,
0x0000017d2f574800, 0x0000017d2f578000, 0x0000017d2f572000, 0x0000017d2f573000,
0x0000017d2f574000, 0x0000017d2fa45800, 0x0000017d2fa47000, 0x0000017d2fa46000,
0x0000017d2fa4b000, 0x0000017d2fa4c800, 0x0000017d2fa47800, 0x0000017d2fa4e800,
0x0000017d2fa48800, 0x0000017d2fa4f000, 0x0000017d2fa54000, 0x0000017d2fa50000,
0x0000017d2fa50800, 0x0000017d2fa51800, 0x0000017d2fa52800, 0x0000017d2fa53000,
0x0000017d2f049000, 0x0000017d2f048800, 0x0000017d2f04a000, 0x0000017d2f050800,
0x0000017d2f04c800, 0x0000017d2f04e000, 0x0000017d2f04d000, 0x0000017d2f04f000,
0x0000017d2f04f800, 0x0000017d2f04b800, 0x0000017d2f04a800, 0x0000017d2f056000,
0x0000017d2f052000, 0x0000017d2f055800, 0x0000017d2f057000, 0x0000017d2f053000,
0x0000017d2f051800, 0x0000017d2f053800, 0x0000017d2f054800, 0x0000017d2f6df000,
0x0000017d2f6e1800, 0x0000017d2f6e3000, 0x0000017d2f6e4000, 0x0000017d2f6e0000,
0x0000017d2f6de000, 0x0000017d2f6e6800, 0x0000017d2f6e5800, 0x0000017d2f6e4800,
0x0000017d2f6e0800, 0x0000017d2f6e8000, 0x0000017d2f6e2000, 0x0000017d2f6eb000,
0x0000017d2f6e9800, 0x0000017d2f6ed000, 0x0000017d2f6ea800, 0x0000017d2f6e9000,
0x0000017d2f6ec000, 0x0000017d2f6e7000, 0x0000017d367a9800, 0x0000017d367aa800,
0x0000017d367ae800, 0x0000017d367a8800, 0x0000017d367af800, 0x0000017d367ac000,
0x0000017d367ab000, 0x0000017d367b0000, 0x0000017d367ad000, 0x0000017d367ad800,
0x0000017d367b6800, 0x0000017d367b2800, 0x0000017d367b1800, 0x0000017d367b4000,
0x0000017d367b7800, 0x0000017d367b3800, 0x0000017d32367000, 0x0000017d367b5000,
0x0000017d367b6000, 0x0000017d30cb5800, 0x0000017d30cb3800, 0x0000017d30cb7800,
0x0000017d30cb5000, 0x0000017d30cb6800, 0x0000017d30cb8000, 0x0000017d30cb2800
}

Java Threads: ( => current thread )
  0x0000017d12abb000 JavaThread "main" [_thread_blocked, id=6416, stack(0x000000445c300000,0x000000445c400000)]
  0x0000017d2c6ee800 JavaThread "Reference Handler" daemon [_thread_blocked, id=6240, stack(0x000000445ca00000,0x000000445cb00000)]
  0x0000017d2c6f7800 JavaThread "Finalizer" daemon [_thread_blocked, id=2344, stack(0x000000445cb00000,0x000000445cc00000)]
  0x0000017d2cf29800 JavaThread "Signal Dispatcher" daemon [_thread_blocked, id=7524, stack(0x000000445cc00000,0x000000445cd00000)]
  0x0000017d2cf2b800 JavaThread "Attach Listener" daemon [_thread_blocked, id=5764, stack(0x000000445cd00000,0x000000445ce00000)]
  0x0000017d2cf2c800 JavaThread "Service Thread" daemon [_thread_blocked, id=9800, stack(0x000000445ce00000,0x000000445cf00000)]
  0x0000017d2cf30000 JavaThread "C2 CompilerThread0" daemon [_thread_in_native, id=10188, stack(0x000000445cf00000,0x000000445d000000)]
  0x0000017d2cf74800 JavaThread "C1 CompilerThread0" daemon [_thread_in_native, id=7400, stack(0x000000445d000000,0x000000445d100000)]
  0x0000017d2cf79000 JavaThread "Sweeper thread" daemon [_thread_blocked, id=4736, stack(0x000000445d100000,0x000000445d200000)]
  0x0000017d2d106800 JavaThread "Common-Cleaner" daemon [_thread_blocked, id=8920, stack(0x000000445d200000,0x000000445d300000)]
  0x0000017d2f679000 JavaThread "Daemon health stats" [_thread_blocked, id=9868, stack(0x000000445d800000,0x000000445d900000)]
  0x0000017d2f536800 JavaThread "Incoming local TCP Connector on port 55170" [_thread_in_native, id=2576, stack(0x000000445d900000,0x000000445da00000)]
  0x0000017d2f520800 JavaThread "Daemon periodic checks" [_thread_blocked, id=5280, stack(0x000000445da00000,0x000000445db00000)]
  0x0000017d2ea3e800 JavaThread "Daemon" [_thread_blocked, id=6520, stack(0x000000445db00000,0x000000445dc00000)]
  0x0000017d2deb1800 JavaThread "Handler for socket connection from /127.0.0.1:55170 to /127.0.0.1:55171" [_thread_in_native, id=2184, stack(0x000000445dc00000,0x000000445dd00000)]
  0x0000017d307d4000 JavaThread "Cancel handler" [_thread_blocked, id=5972, stack(0x000000445dd00000,0x000000445de00000)]
  0x0000017d307e1800 JavaThread "Daemon worker" [_thread_blocked, id=9884, stack(0x000000445de00000,0x000000445df00000)]
  0x0000017d2f51b800 JavaThread "Asynchronous log dispatcher for DefaultDaemonConnection: socket connection from /127.0.0.1:55170 to /127.0.0.1:55171" [_thread_blocked, id=5508, stack(0x000000445df00000,0x000000445e000000)]
  0x0000017d3070d000 JavaThread "Stdin handler" [_thread_blocked, id=9964, stack(0x000000445e000000,0x000000445e100000)]
  0x0000017d30acc800 JavaThread "Daemon client event forwarder" [_thread_blocked, id=4556, stack(0x000000445e100000,0x000000445e200000)]
  0x0000017d2f571800 JavaThread "Cache worker for journal cache (C:\Users\admin\.gradle\caches\journal-1)" [_thread_blocked, id=4396, stack(0x000000445e200000,0x000000445e300000)]
  0x0000017d2f575800 JavaThread "File lock request listener" [_thread_in_native, id=2332, stack(0x000000445e300000,0x000000445e400000)]
  0x0000017d2f577000 JavaThread "Cache worker for file hash cache (C:\Users\admin\.gradle\caches\7.4\fileHashes)" [_thread_blocked, id=5964, stack(0x000000445e400000,0x000000445e500000)]
  0x0000017d2f576800 JavaThread "File watcher server" daemon [_thread_in_native, id=7272, stack(0x000000445e500000,0x000000445e600000)]
  0x0000017d2f574800 JavaThread "File watcher consumer" daemon [_thread_blocked, id=6664, stack(0x000000445e600000,0x000000445e700000)]
  0x0000017d2f578000 JavaThread "Cache worker for checksums cache (C:\Users\admin\Documents\ProjectForTests\.gradle\7.4\checksums)" [_thread_blocked, id=4512, stack(0x000000445e700000,0x000000445e800000)]
  0x0000017d2f572000 JavaThread "Cache worker for cache directory md-rule (C:\Users\admin\.gradle\caches\7.4\md-rule)" [_thread_blocked, id=1744, stack(0x000000445e800000,0x000000445e900000)]
  0x0000017d2f573000 JavaThread "Cache worker for file hash cache (C:\Users\admin\Documents\ProjectForTests\.gradle\7.4\fileHashes)" [_thread_blocked, id=3008, stack(0x000000445e900000,0x000000445ea00000)]
  0x0000017d2f574000 JavaThread "Cache worker for cache directory md-supplier (C:\Users\admin\.gradle\caches\7.4\md-supplier)" [_thread_blocked, id=2112, stack(0x000000445ea00000,0x000000445eb00000)]
  0x0000017d2fa45800 JavaThread "Cache worker for execution history cache (C:\Users\admin\.gradle\caches\7.4\executionHistory)" [_thread_blocked, id=6000, stack(0x000000445eb00000,0x000000445ec00000)]
  0x0000017d2fa47000 JavaThread "jar transforms" [_thread_blocked, id=992, stack(0x000000445ec00000,0x000000445ed00000)]
  0x0000017d2fa46000 JavaThread "Cache worker for file content cache (C:\Users\admin\.gradle\caches\7.4\fileContent)" [_thread_blocked, id=9252, stack(0x000000445ed00000,0x000000445ee00000)]
  0x0000017d2fa4b000 JavaThread "jar transforms Thread 2" [_thread_blocked, id=4936, stack(0x000000445ee00000,0x000000445ef00000)]
  0x0000017d2fa4c800 JavaThread "Cache worker for dependencies-accessors (C:\Users\admin\Documents\ProjectForTests\.gradle\7.4\dependencies-accessors)" [_thread_blocked, id=2920, stack(0x000000445ef00000,0x000000445f000000)]
  0x0000017d2fa47800 JavaThread "jar transforms Thread 3" [_thread_blocked, id=7216, stack(0x000000445f000000,0x000000445f100000)]
  0x0000017d2fa4e800 JavaThread "Cache worker for Build Output Cleanup Cache (C:\Users\admin\Documents\ProjectForTests\.gradle\buildOutputCleanup)" [_thread_blocked, id=1168, stack(0x000000445f100000,0x000000445f200000)]
  0x0000017d2fa48800 JavaThread "Unconstrained build operations" [_thread_blocked, id=1384, stack(0x000000445f200000,0x000000445f300000)]
  0x0000017d2fa4f000 JavaThread "Unconstrained build operations Thread 2" [_thread_blocked, id=1328, stack(0x000000445f300000,0x000000445f400000)]
  0x0000017d2fa54000 JavaThread "Unconstrained build operations Thread 3" [_thread_blocked, id=2448, stack(0x000000445f400000,0x000000445f500000)]
  0x0000017d2fa50000 JavaThread "Unconstrained build operations Thread 4" [_thread_blocked, id=8400, stack(0x000000445f500000,0x000000445f600000)]
  0x0000017d2fa50800 JavaThread "Unconstrained build operations Thread 5" [_thread_blocked, id=8956, stack(0x000000445f600000,0x000000445f700000)]
  0x0000017d2fa51800 JavaThread "Unconstrained build operations Thread 6" [_thread_blocked, id=4872, stack(0x000000445f700000,0x000000445f800000)]
  0x0000017d2fa52800 JavaThread "Unconstrained build operations Thread 7" [_thread_blocked, id=5952, stack(0x000000445f800000,0x000000445f900000)]
  0x0000017d2fa53000 JavaThread "Unconstrained build operations Thread 8" [_thread_blocked, id=5156, stack(0x000000445f900000,0x000000445fa00000)]
  0x0000017d2f049000 JavaThread "Unconstrained build operations Thread 9" [_thread_blocked, id=9404, stack(0x000000445fa00000,0x000000445fb00000)]
  0x0000017d2f048800 JavaThread "Unconstrained build operations Thread 10" [_thread_blocked, id=9308, stack(0x000000445fb00000,0x000000445fc00000)]
  0x0000017d2f04a000 JavaThread "Unconstrained build operations Thread 11" [_thread_blocked, id=5480, stack(0x000000445fc00000,0x000000445fd00000)]
  0x0000017d2f050800 JavaThread "Unconstrained build operations Thread 12" [_thread_blocked, id=10168, stack(0x000000445fd00000,0x000000445fe00000)]
  0x0000017d2f04c800 JavaThread "Unconstrained build operations Thread 13" [_thread_blocked, id=8672, stack(0x000000445fe00000,0x000000445ff00000)]
  0x0000017d2f04e000 JavaThread "Unconstrained build operations Thread 14" [_thread_blocked, id=8260, stack(0x000000445ff00000,0x0000004460000000)]
  0x0000017d2f04d000 JavaThread "Unconstrained build operations Thread 15" [_thread_blocked, id=4908, stack(0x0000004460000000,0x0000004460100000)]
  0x0000017d2f04f000 JavaThread "Unconstrained build operations Thread 16" [_thread_blocked, id=7040, stack(0x0000004460100000,0x0000004460200000)]
  0x0000017d2f04f800 JavaThread "Unconstrained build operations Thread 17" [_thread_blocked, id=5000, stack(0x0000004460200000,0x0000004460300000)]
  0x0000017d2f04b800 JavaThread "Unconstrained build operations Thread 18" [_thread_blocked, id=9556, stack(0x0000004460300000,0x0000004460400000)]
  0x0000017d2f04a800 JavaThread "Unconstrained build operations Thread 19" [_thread_blocked, id=7260, stack(0x0000004460400000,0x0000004460500000)]
  0x0000017d2f056000 JavaThread "Unconstrained build operations Thread 20" [_thread_blocked, id=4372, stack(0x0000004460500000,0x0000004460600000)]
  0x0000017d2f052000 JavaThread "Unconstrained build operations Thread 21" [_thread_blocked, id=3784, stack(0x0000004460600000,0x0000004460700000)]
  0x0000017d2f055800 JavaThread "Unconstrained build operations Thread 22" [_thread_blocked, id=5520, stack(0x0000004460700000,0x0000004460800000)]
  0x0000017d2f057000 JavaThread "Unconstrained build operations Thread 23" [_thread_blocked, id=6048, stack(0x0000004460800000,0x0000004460900000)]
  0x0000017d2f053000 JavaThread "Unconstrained build operations Thread 24" [_thread_blocked, id=1464, stack(0x0000004460900000,0x0000004460a00000)]
  0x0000017d2f051800 JavaThread "Unconstrained build operations Thread 25" [_thread_blocked, id=10024, stack(0x0000004460a00000,0x0000004460b00000)]
  0x0000017d2f053800 JavaThread "Unconstrained build operations Thread 26" [_thread_blocked, id=3392, stack(0x0000004460b00000,0x0000004460c00000)]
  0x0000017d2f054800 JavaThread "Unconstrained build operations Thread 27" [_thread_blocked, id=7892, stack(0x0000004460c00000,0x0000004460d00000)]
  0x0000017d2f6df000 JavaThread "Unconstrained build operations Thread 28" [_thread_blocked, id=2976, stack(0x0000004460d00000,0x0000004460e00000)]
  0x0000017d2f6e1800 JavaThread "Unconstrained build operations Thread 29" [_thread_blocked, id=5416, stack(0x0000004460e00000,0x0000004460f00000)]
  0x0000017d2f6e3000 JavaThread "Unconstrained build operations Thread 30" [_thread_blocked, id=4820, stack(0x0000004460f00000,0x0000004461000000)]
  0x0000017d2f6e4000 JavaThread "Unconstrained build operations Thread 31" [_thread_blocked, id=7352, stack(0x0000004461000000,0x0000004461100000)]
  0x0000017d2f6e0000 JavaThread "Unconstrained build operations Thread 32" [_thread_blocked, id=6136, stack(0x0000004461100000,0x0000004461200000)]
  0x0000017d2f6de000 JavaThread "Unconstrained build operations Thread 33" [_thread_blocked, id=2104, stack(0x0000004461200000,0x0000004461300000)]
  0x0000017d2f6e6800 JavaThread "Unconstrained build operations Thread 34" [_thread_blocked, id=8952, stack(0x0000004461300000,0x0000004461400000)]
  0x0000017d2f6e5800 JavaThread "Unconstrained build operations Thread 35" [_thread_blocked, id=7748, stack(0x0000004461400000,0x0000004461500000)]
  0x0000017d2f6e4800 JavaThread "Unconstrained build operations Thread 36" [_thread_blocked, id=9804, stack(0x0000004461500000,0x0000004461600000)]
  0x0000017d2f6e0800 JavaThread "Unconstrained build operations Thread 37" [_thread_blocked, id=5240, stack(0x0000004461600000,0x0000004461700000)]
  0x0000017d2f6e8000 JavaThread "Unconstrained build operations Thread 38" [_thread_blocked, id=8108, stack(0x0000004461700000,0x0000004461800000)]
  0x0000017d2f6e2000 JavaThread "Unconstrained build operations Thread 39" [_thread_blocked, id=5708, stack(0x0000004461800000,0x0000004461900000)]
  0x0000017d2f6eb000 JavaThread "Unconstrained build operations Thread 40" [_thread_blocked, id=1348, stack(0x0000004461900000,0x0000004461a00000)]
  0x0000017d2f6e9800 JavaThread "jar transforms Thread 4" [_thread_blocked, id=2996, stack(0x0000004461a00000,0x0000004461b00000)]
  0x0000017d2f6ed000 JavaThread "Memory manager" [_thread_blocked, id=9492, stack(0x0000004461b00000,0x0000004461c00000)]
  0x0000017d2f6ea800 JavaThread "build event listener" [_thread_blocked, id=2228, stack(0x0000004461c00000,0x0000004461d00000)]
  0x0000017d2f6e9000 JavaThread "pool-3-thread-1" [_thread_blocked, id=7388, stack(0x0000004461d00000,0x0000004461e00000)]
  0x0000017d2f6ec000 JavaThread "build event listener" [_thread_blocked, id=2668, stack(0x0000004461e00000,0x0000004461f00000)]
  0x0000017d2f6e7000 JavaThread "included builds" [_thread_blocked, id=4184, stack(0x0000004461f00000,0x0000004462000000)]
  0x0000017d367a9800 JavaThread "Execution worker for ':'" [_thread_blocked, id=8516, stack(0x0000004462000000,0x0000004462100000)]
  0x0000017d367aa800 JavaThread "Execution worker for ':' Thread 2" [_thread_blocked, id=7632, stack(0x0000004462100000,0x0000004462200000)]
  0x0000017d367ae800 JavaThread "Execution worker for ':' Thread 3" [_thread_blocked, id=6636, stack(0x0000004462200000,0x0000004462300000)]
  0x0000017d367a8800 JavaThread "Cache worker for execution history cache (C:\Users\admin\Documents\ProjectForTests\.gradle\7.4\executionHistory)" [_thread_blocked, id=2204, stack(0x0000004462300000,0x0000004462400000)]
  0x0000017d367af800 JavaThread "WorkerExecutor Queue" [_thread_in_native, id=1896, stack(0x0000004462400000,0x0000004462500000)]
  0x0000017d367ac000 JavaThread "WorkerExecutor Queue Thread 2" [_thread_blocked, id=7212, stack(0x0000004462500000,0x0000004462600000)]
  0x0000017d367ab000 JavaThread "WorkerExecutor Queue Thread 3" [_thread_blocked, id=2476, stack(0x0000004462600000,0x0000004462700000)]
  0x0000017d367b0000 JavaThread "pool-4-thread-1" [_thread_blocked, id=1960, stack(0x0000004462700000,0x0000004462800000)]
  0x0000017d367ad000 JavaThread "stderr" [_thread_in_native, id=5568, stack(0x0000004462800000,0x0000004462900000)]
  0x0000017d367ad800 JavaThread "stdout" [_thread_in_native, id=9876, stack(0x0000004462900000,0x0000004462a00000)]
  0x0000017d367b6800 JavaThread "WorkerExecutor Queue Thread 4" [_thread_blocked, id=32, stack(0x0000004462a00000,0x0000004462b00000)]
  0x0000017d367b2800 JavaThread "RMI Scheduler(0)" daemon [_thread_blocked, id=9476, stack(0x0000004462c00000,0x0000004462d00000)]
  0x0000017d367b1800 JavaThread "RMI GC Daemon" daemon [_thread_blocked, id=8064, stack(0x0000004462e00000,0x0000004462f00000)]
  0x0000017d367b4000 JavaThread "RMI TCP Accept-0" daemon [_thread_in_native, id=9104, stack(0x0000004462f00000,0x0000004463000000)]
  0x0000017d367b7800 JavaThread "RMI Reaper" [_thread_blocked, id=2160, stack(0x0000004463000000,0x0000004463100000)]
  0x0000017d367b3800 JavaThread "RMI TCP Connection(1)-127.0.0.1" daemon [_thread_in_native, id=2972, stack(0x0000004463100000,0x0000004463200000)]
=>0x0000017d32367000 JavaThread "C2 CompilerThread1" daemon [_thread_in_native, id=8408, stack(0x0000004463200000,0x0000004463300000)]
  0x0000017d367b5000 JavaThread "Cache worker for Java compile cache (C:\Users\admin\.gradle\caches\7.4\javaCompile)" [_thread_blocked, id=2432, stack(0x0000004463300000,0x0000004463400000)]
  0x0000017d367b6000 JavaThread "Build operations" [_thread_blocked, id=1272, stack(0x0000004463400000,0x0000004463500000)]
  0x0000017d30cb5800 JavaThread "Build operations Thread 2" [_thread_blocked, id=9456, stack(0x0000004463500000,0x0000004463600000)]
  0x0000017d30cb3800 JavaThread "Build operations Thread 3" [_thread_blocked, id=3880, stack(0x0000004463600000,0x0000004463700000)]
  0x0000017d30cb7800 JavaThread "Build operations Thread 4" [_thread_blocked, id=6060, stack(0x0000004463700000,0x0000004463800000)]
  0x0000017d30cb5000 JavaThread "WorkerExecutor Queue Thread 5" [_thread_blocked, id=2464, stack(0x0000004463800000,0x0000004463900000)]
  0x0000017d30cb6800 JavaThread "ForkJoinPool.commonPool-worker-3" daemon [_thread_blocked, id=3400, stack(0x0000004462d00000,0x0000004462e00000)]
  0x0000017d30cb8000 JavaThread "ForkJoinPool.commonPool-worker-5" daemon [_thread_blocked, id=1132, stack(0x0000004463900000,0x0000004463a00000)]
  0x0000017d30cb2800 JavaThread "ForkJoinPool.commonPool-worker-7" daemon [_thread_blocked, id=7972, stack(0x0000004463a00000,0x0000004463b00000)]

Other Threads:
  0x0000017d2cf13800 VMThread "VM Thread" [stack: 0x000000445c900000,0x000000445ca00000] [id=5660]
  0x0000017d2d109000 WatcherThread [stack: 0x000000445d300000,0x000000445d400000] [id=9664]
  0x0000017d12ad4800 GCTaskThread "GC Thread#0" [stack: 0x000000445c400000,0x000000445c500000] [id=6720]
  0x0000017d2d723000 GCTaskThread "GC Thread#1" [stack: 0x000000445d500000,0x000000445d600000] [id=9324]
  0x0000017d2dc16800 GCTaskThread "GC Thread#2" [stack: 0x000000445d600000,0x000000445d700000] [id=1456]
  0x0000017d2d9d3800 GCTaskThread "GC Thread#3" [stack: 0x000000445d700000,0x000000445d800000] [id=5572]
  0x0000017d12b05800 ConcurrentGCThread "G1 Main Marker" [stack: 0x000000445c500000,0x000000445c600000] [id=1604]
  0x0000017d12b06800 ConcurrentGCThread "G1 Conc#0" [stack: 0x000000445c600000,0x000000445c700000] [id=2928]
  0x0000017d12b9e800 ConcurrentGCThread "G1 Refine#0" [stack: 0x000000445c700000,0x000000445c800000] [id=1180]
  0x0000017d2c53e800 ConcurrentGCThread "G1 Young RemSet Sampling" [stack: 0x000000445c800000,0x000000445c900000] [id=4696]

Threads with active compile tasks:
C2 CompilerThread0  43680 15337   !   4       java.net.URL::<init> (543 bytes)
C1 CompilerThread0  43680 15419       3       jdk.internal.ref.Cleaner::create (19 bytes)
C2 CompilerThread1  43680 15330 % !   4       com.sun.crypto.provider.PKCS12PBECipherCore::derive @ 233 (501 bytes)

VM state:not at safepoint (normal execution)

VM Mutex/Monitor currently owned by a thread: None

Heap address: 0x0000000080000000, size: 2048 MB, Compressed Oops mode: 32-bit
Narrow klass base: 0x0000000000000000, Narrow klass shift: 3
Compressed class space size: 1073741824 Address: 0x0000000100000000

Heap:
 garbage-first heap   total 256000K, used 134138K [0x0000000080000000, 0x0000000100000000)
  region size 1024K, 25 young (25600K), 3 survivors (3072K)
 Metaspace       used 120060K, capacity 123677K, committed 123984K, reserved 1159168K
  class space    used 15557K, capacity 17028K, committed 17152K, reserved 1048576K
Heap Regions: E=young(eden), S=young(survivor), O=old, HS=humongous(starts), HC=humongous(continues), CS=collection set, F=free, A=archive, TAMS=top-at-mark-start (previous, next)
|   0|0x0000000080000000, 0x0000000080100000, 0x0000000080100000|100%|HS|  |TAMS 0x0000000080100000, 0x0000000080000000| Complete 
|   1|0x0000000080100000, 0x0000000080200000, 0x0000000080200000|100%|HC|  |TAMS 0x0000000080200000, 0x0000000080100000| Complete 
|   2|0x0000000080200000, 0x0000000080300000, 0x0000000080300000|100%|HC|  |TAMS 0x0000000080300000, 0x0000000080200000| Complete 
|   3|0x0000000080300000, 0x0000000080400000, 0x0000000080400000|100%| O|  |TAMS 0x0000000080400000, 0x0000000080300000| Untracked 
|   4|0x0000000080400000, 0x0000000080500000, 0x0000000080500000|100%| O|  |TAMS 0x0000000080500000, 0x0000000080400000| Untracked 
|   5|0x0000000080500000, 0x0000000080600000, 0x0000000080600000|100%| O|  |TAMS 0x0000000080600000, 0x0000000080500000| Untracked 
|   6|0x0000000080600000, 0x0000000080700000, 0x0000000080700000|100%| O|  |TAMS 0x0000000080700000, 0x0000000080600000| Untracked 
|   7|0x0000000080700000, 0x0000000080800000, 0x0000000080800000|100%| O|  |TAMS 0x0000000080800000, 0x0000000080700000| Untracked 
|   8|0x0000000080800000, 0x0000000080900000, 0x0000000080900000|100%| O|  |TAMS 0x0000000080900000, 0x0000000080800000| Untracked 
|   9|0x0000000080900000, 0x0000000080a00000, 0x0000000080a00000|100%| O|  |TAMS 0x0000000080a00000, 0x0000000080900000| Untracked 
|  10|0x0000000080a00000, 0x0000000080b00000, 0x0000000080b00000|100%| O|  |TAMS 0x0000000080b00000, 0x0000000080a00000| Untracked 
|  11|0x0000000080b00000, 0x0000000080c00000, 0x0000000080c00000|100%| O|  |TAMS 0x0000000080c00000, 0x0000000080b00000| Untracked 
|  12|0x0000000080c00000, 0x0000000080d00000, 0x0000000080d00000|100%| O|  |TAMS 0x0000000080d00000, 0x0000000080c00000| Untracked 
|  13|0x0000000080d00000, 0x0000000080e00000, 0x0000000080e00000|100%| O|  |TAMS 0x0000000080e00000, 0x0000000080d00000| Untracked 
|  14|0x0000000080e00000, 0x0000000080f00000, 0x0000000080f00000|100%| O|  |TAMS 0x0000000080f00000, 0x0000000080e00000| Untracked 
|  15|0x0000000080f00000, 0x0000000081000000, 0x0000000081000000|100%| O|  |TAMS 0x0000000081000000, 0x0000000080f00000| Untracked 
|  16|0x0000000081000000, 0x0000000081100000, 0x0000000081100000|100%| O|  |TAMS 0x0000000081100000, 0x0000000081000000| Untracked 
|  17|0x0000000081100000, 0x0000000081200000, 0x0000000081200000|100%|HS|  |TAMS 0x0000000081200000, 0x0000000081100000| Complete 
|  18|0x0000000081200000, 0x0000000081300000, 0x0000000081300000|100%|HS|  |TAMS 0x0000000081300000, 0x0000000081200000| Complete 
|  19|0x0000000081300000, 0x0000000081400000, 0x0000000081400000|100%|HS|  |TAMS 0x0000000081400000, 0x0000000081300000| Complete 
|  20|0x0000000081400000, 0x0000000081500000, 0x0000000081500000|100%| O|  |TAMS 0x0000000081500000, 0x0000000081400000| Untracked 
|  21|0x0000000081500000, 0x0000000081600000, 0x0000000081600000|100%| O|  |TAMS 0x0000000081600000, 0x0000000081500000| Untracked 
|  22|0x0000000081600000, 0x0000000081700000, 0x0000000081700000|100%| O|  |TAMS 0x0000000081700000, 0x0000000081600000| Untracked 
|  23|0x0000000081700000, 0x0000000081800000, 0x0000000081800000|100%| O|  |TAMS 0x0000000081800000, 0x0000000081700000| Untracked 
|  24|0x0000000081800000, 0x0000000081900000, 0x0000000081900000|100%| O|  |TAMS 0x0000000081900000, 0x0000000081800000| Untracked 
|  25|0x0000000081900000, 0x0000000081a00000, 0x0000000081a00000|100%| O|  |TAMS 0x0000000081a00000, 0x0000000081900000| Untracked 
|  26|0x0000000081a00000, 0x0000000081b00000, 0x0000000081b00000|100%|HS|  |TAMS 0x0000000081b00000, 0x0000000081a00000| Complete 
|  27|0x0000000081b00000, 0x0000000081c00000, 0x0000000081c00000|100%|HC|  |TAMS 0x0000000081c00000, 0x0000000081b00000| Complete 
|  28|0x0000000081c00000, 0x0000000081d00000, 0x0000000081d00000|100%|HC|  |TAMS 0x0000000081d00000, 0x0000000081c00000| Complete 
|  29|0x0000000081d00000, 0x0000000081e00000, 0x0000000081e00000|100%|HS|  |TAMS 0x0000000081e00000, 0x0000000081d00000| Complete 
|  30|0x0000000081e00000, 0x0000000081f00000, 0x0000000081f00000|100%|HC|  |TAMS 0x0000000081f00000, 0x0000000081e00000| Complete 
|  31|0x0000000081f00000, 0x0000000082000000, 0x0000000082000000|100%| O|  |TAMS 0x0000000082000000, 0x0000000081f00000| Untracked 
|  32|0x0000000082000000, 0x0000000082100000, 0x0000000082100000|100%| O|  |TAMS 0x0000000082100000, 0x0000000082000000| Untracked 
|  33|0x0000000082100000, 0x0000000082200000, 0x0000000082200000|100%| O|  |TAMS 0x0000000082200000, 0x0000000082100000| Untracked 
|  34|0x0000000082200000, 0x0000000082300000, 0x0000000082300000|100%| O|  |TAMS 0x0000000082300000, 0x0000000082200000| Untracked 
|  35|0x0000000082300000, 0x0000000082400000, 0x0000000082400000|100%| O|  |TAMS 0x0000000082400000, 0x0000000082300000| Untracked 
|  36|0x0000000082400000, 0x0000000082500000, 0x0000000082500000|100%| O|  |TAMS 0x0000000082500000, 0x0000000082400000| Untracked 
|  37|0x0000000082500000, 0x0000000082600000, 0x0000000082600000|100%| O|  |TAMS 0x0000000082600000, 0x0000000082500000| Untracked 
|  38|0x0000000082600000, 0x0000000082700000, 0x0000000082700000|100%| O|  |TAMS 0x0000000082700000, 0x0000000082600000| Untracked 
|  39|0x0000000082700000, 0x0000000082800000, 0x0000000082800000|100%| O|  |TAMS 0x0000000082800000, 0x0000000082700000| Untracked 
|  40|0x0000000082800000, 0x0000000082900000, 0x0000000082900000|100%| O|  |TAMS 0x0000000082900000, 0x0000000082800000| Untracked 
|  41|0x0000000082900000, 0x0000000082a00000, 0x0000000082a00000|100%| O|  |TAMS 0x0000000082a00000, 0x0000000082900000| Untracked 
|  42|0x0000000082a00000, 0x0000000082b00000, 0x0000000082b00000|100%| O|  |TAMS 0x0000000082b00000, 0x0000000082a00000| Untracked 
|  43|0x0000000082b00000, 0x0000000082c00000, 0x0000000082c00000|100%| O|  |TAMS 0x0000000082c00000, 0x0000000082b00000| Untracked 
|  44|0x0000000082c00000, 0x0000000082d00000, 0x0000000082d00000|100%| O|  |TAMS 0x0000000082d00000, 0x0000000082c00000| Untracked 
|  45|0x0000000082d00000, 0x0000000082e00000, 0x0000000082e00000|100%| O|  |TAMS 0x0000000082e00000, 0x0000000082d00000| Untracked 
|  46|0x0000000082e00000, 0x0000000082f00000, 0x0000000082f00000|100%| O|  |TAMS 0x0000000082f00000, 0x0000000082e00000| Untracked 
|  47|0x0000000082f00000, 0x0000000083000000, 0x0000000083000000|100%| O|  |TAMS 0x0000000083000000, 0x0000000082f00000| Untracked 
|  48|0x0000000083000000, 0x0000000083100000, 0x0000000083100000|100%| O|  |TAMS 0x0000000083100000, 0x0000000083000000| Untracked 
|  49|0x0000000083100000, 0x0000000083200000, 0x0000000083200000|100%| O|  |TAMS 0x0000000083200000, 0x0000000083100000| Untracked 
|  50|0x0000000083200000, 0x0000000083300000, 0x0000000083300000|100%| O|  |TAMS 0x0000000083300000, 0x0000000083200000| Untracked 
|  51|0x0000000083300000, 0x0000000083400000, 0x0000000083400000|100%| O|  |TAMS 0x0000000083400000, 0x0000000083300000| Untracked 
|  52|0x0000000083400000, 0x0000000083500000, 0x0000000083500000|100%| O|  |TAMS 0x0000000083500000, 0x0000000083400000| Untracked 
|  53|0x0000000083500000, 0x0000000083600000, 0x0000000083600000|100%| O|  |TAMS 0x0000000083600000, 0x0000000083500000| Untracked 
|  54|0x0000000083600000, 0x0000000083700000, 0x0000000083700000|100%| O|  |TAMS 0x0000000083700000, 0x0000000083600000| Untracked 
|  55|0x0000000083700000, 0x0000000083800000, 0x0000000083800000|100%| O|  |TAMS 0x0000000083800000, 0x0000000083700000| Untracked 
|  56|0x0000000083800000, 0x0000000083900000, 0x0000000083900000|100%| O|  |TAMS 0x0000000083900000, 0x0000000083800000| Untracked 
|  57|0x0000000083900000, 0x0000000083a00000, 0x0000000083a00000|100%| O|  |TAMS 0x0000000083a00000, 0x0000000083900000| Untracked 
|  58|0x0000000083a00000, 0x0000000083b00000, 0x0000000083b00000|100%| O|  |TAMS 0x0000000083b00000, 0x0000000083a00000| Untracked 
|  59|0x0000000083b00000, 0x0000000083c00000, 0x0000000083c00000|100%| O|  |TAMS 0x0000000083c00000, 0x0000000083b00000| Untracked 
|  60|0x0000000083c00000, 0x0000000083d00000, 0x0000000083d00000|100%| O|  |TAMS 0x0000000083d00000, 0x0000000083c00000| Untracked 
|  61|0x0000000083d00000, 0x0000000083e00000, 0x0000000083e00000|100%| O|  |TAMS 0x0000000083e00000, 0x0000000083d00000| Untracked 
|  62|0x0000000083e00000, 0x0000000083f00000, 0x0000000083f00000|100%| O|  |TAMS 0x0000000083f00000, 0x0000000083e00000| Untracked 
|  63|0x0000000083f00000, 0x0000000084000000, 0x0000000084000000|100%| O|  |TAMS 0x0000000084000000, 0x0000000083f00000| Untracked 
|  64|0x0000000084000000, 0x0000000084100000, 0x0000000084100000|100%| O|  |TAMS 0x0000000084100000, 0x0000000084000000| Untracked 
|  65|0x0000000084100000, 0x0000000084200000, 0x0000000084200000|100%| O|  |TAMS 0x0000000084200000, 0x0000000084100000| Untracked 
|  66|0x0000000084200000, 0x0000000084300000, 0x0000000084300000|100%| O|  |TAMS 0x0000000084300000, 0x0000000084200000| Untracked 
|  67|0x0000000084300000, 0x0000000084400000, 0x0000000084400000|100%| O|  |TAMS 0x0000000084400000, 0x0000000084300000| Untracked 
|  68|0x0000000084400000, 0x0000000084500000, 0x0000000084500000|100%| O|  |TAMS 0x0000000084500000, 0x0000000084400000| Untracked 
|  69|0x0000000084500000, 0x0000000084600000, 0x0000000084600000|100%| O|  |TAMS 0x0000000084600000, 0x0000000084500000| Untracked 
|  70|0x0000000084600000, 0x0000000084700000, 0x0000000084700000|100%| O|  |TAMS 0x0000000084700000, 0x0000000084600000| Untracked 
|  71|0x0000000084700000, 0x0000000084800000, 0x0000000084800000|100%| O|  |TAMS 0x0000000084800000, 0x0000000084700000| Untracked 
|  72|0x0000000084800000, 0x0000000084900000, 0x0000000084900000|100%| O|  |TAMS 0x0000000084900000, 0x0000000084800000| Untracked 
|  73|0x0000000084900000, 0x0000000084a00000, 0x0000000084a00000|100%| O|  |TAMS 0x0000000084a00000, 0x0000000084900000| Untracked 
|  74|0x0000000084a00000, 0x0000000084b00000, 0x0000000084b00000|100%| O|  |TAMS 0x0000000084b00000, 0x0000000084a00000| Untracked 
|  75|0x0000000084b00000, 0x0000000084c00000, 0x0000000084c00000|100%| O|  |TAMS 0x0000000084c00000, 0x0000000084b00000| Untracked 
|  76|0x0000000084c00000, 0x0000000084d00000, 0x0000000084d00000|100%| O|  |TAMS 0x0000000084d00000, 0x0000000084c00000| Untracked 
|  77|0x0000000084d00000, 0x0000000084e00000, 0x0000000084e00000|100%| O|  |TAMS 0x0000000084e00000, 0x0000000084d00000| Untracked 
|  78|0x0000000084e00000, 0x0000000084f00000, 0x0000000084f00000|100%| O|  |TAMS 0x0000000084f00000, 0x0000000084e00000| Untracked 
|  79|0x0000000084f00000, 0x0000000085000000, 0x0000000085000000|100%| O|  |TAMS 0x0000000085000000, 0x0000000084f00000| Untracked 
|  80|0x0000000085000000, 0x0000000085000000, 0x0000000085100000|  0%| F|  |TAMS 0x0000000085000000, 0x0000000085000000| Untracked 
|  81|0x0000000085100000, 0x0000000085200000, 0x0000000085200000|100%| O|  |TAMS 0x0000000085100000, 0x0000000085100000| Untracked 
|  82|0x0000000085200000, 0x0000000085300000, 0x0000000085300000|100%| O|  |TAMS 0x0000000085300000, 0x0000000085200000| Untracked 
|  83|0x0000000085300000, 0x0000000085400000, 0x0000000085400000|100%| O|  |TAMS 0x0000000085400000, 0x0000000085300000| Untracked 
|  84|0x0000000085400000, 0x0000000085500000, 0x0000000085500000|100%| O|  |TAMS 0x0000000085500000, 0x0000000085400000| Untracked 
|  85|0x0000000085500000, 0x0000000085600000, 0x0000000085600000|100%| O|  |TAMS 0x0000000085600000, 0x0000000085500000| Untracked 
|  86|0x0000000085600000, 0x0000000085700000, 0x0000000085700000|100%| O|  |TAMS 0x0000000085700000, 0x0000000085600000| Untracked 
|  87|0x0000000085700000, 0x0000000085800000, 0x0000000085800000|100%| O|  |TAMS 0x00000000857ac400, 0x0000000085700000| Untracked 
|  88|0x0000000085800000, 0x0000000085900000, 0x0000000085900000|100%| O|  |TAMS 0x0000000085800000, 0x0000000085800000| Untracked 
|  89|0x0000000085900000, 0x0000000085a00000, 0x0000000085a00000|100%| O|  |TAMS 0x0000000085900000, 0x0000000085900000| Untracked 
|  90|0x0000000085a00000, 0x0000000085b00000, 0x0000000085b00000|100%| O|  |TAMS 0x0000000085a00000, 0x0000000085a00000| Untracked 
|  91|0x0000000085b00000, 0x0000000085c00000, 0x0000000085c00000|100%| O|  |TAMS 0x0000000085b00000, 0x0000000085b00000| Untracked 
|  92|0x0000000085c00000, 0x0000000085d00000, 0x0000000085d00000|100%| O|  |TAMS 0x0000000085c00000, 0x0000000085c00000| Untracked 
|  93|0x0000000085d00000, 0x0000000085e00000, 0x0000000085e00000|100%| O|  |TAMS 0x0000000085d00000, 0x0000000085d00000| Untracked 
|  94|0x0000000085e00000, 0x0000000085f00000, 0x0000000085f00000|100%| O|  |TAMS 0x0000000085e00000, 0x0000000085e00000| Untracked 
|  95|0x0000000085f00000, 0x0000000086000000, 0x0000000086000000|100%| O|  |TAMS 0x0000000085f00000, 0x0000000085f00000| Untracked 
|  96|0x0000000086000000, 0x0000000086100000, 0x0000000086100000|100%| O|  |TAMS 0x0000000086000000, 0x0000000086000000| Untracked 
|  97|0x0000000086100000, 0x0000000086200000, 0x0000000086200000|100%| O|  |TAMS 0x0000000086100000, 0x0000000086100000| Untracked 
|  98|0x0000000086200000, 0x0000000086300000, 0x0000000086300000|100%| O|  |TAMS 0x0000000086200000, 0x0000000086200000| Untracked 
|  99|0x0000000086300000, 0x00000000863fea00, 0x0000000086400000| 99%| O|  |TAMS 0x0000000086300000, 0x0000000086300000| Untracked 
| 100|0x0000000086400000, 0x0000000086500000, 0x0000000086500000|100%|HS|  |TAMS 0x0000000086400000, 0x0000000086400000| Complete 
| 101|0x0000000086500000, 0x0000000086600000, 0x0000000086600000|100%|HC|  |TAMS 0x0000000086500000, 0x0000000086500000| Complete 
| 102|0x0000000086600000, 0x0000000086700000, 0x0000000086700000|100%|HC|  |TAMS 0x0000000086600000, 0x0000000086600000| Complete 
| 103|0x0000000086700000, 0x0000000086800000, 0x0000000086800000|100%|HC|  |TAMS 0x0000000086700000, 0x0000000086700000| Complete 
| 104|0x0000000086800000, 0x0000000086900000, 0x0000000086900000|100%|HC|  |TAMS 0x0000000086800000, 0x0000000086800000| Complete 
| 105|0x0000000086900000, 0x0000000086a00000, 0x0000000086a00000|100%|HC|  |TAMS 0x0000000086900000, 0x0000000086900000| Complete 
| 106|0x0000000086a00000, 0x0000000086b00000, 0x0000000086b00000|100%|HC|  |TAMS 0x0000000086a00000, 0x0000000086a00000| Complete 
| 107|0x0000000086b00000, 0x0000000086c00000, 0x0000000086c00000|100%|HC|  |TAMS 0x0000000086b00000, 0x0000000086b00000| Complete 
| 108|0x0000000086c00000, 0x0000000086d00000, 0x0000000086d00000|100%|HC|  |TAMS 0x0000000086c00000, 0x0000000086c00000| Complete 
| 109|0x0000000086d00000, 0x0000000086d00000, 0x0000000086e00000|  0%| F|  |TAMS 0x0000000086d00000, 0x0000000086d00000| Untracked 
| 110|0x0000000086e00000, 0x0000000086e00000, 0x0000000086f00000|  0%| F|  |TAMS 0x0000000086e00000, 0x0000000086e00000| Untracked 
| 111|0x0000000086f00000, 0x0000000086f00000, 0x0000000087000000|  0%| F|  |TAMS 0x0000000086f00000, 0x0000000086f00000| Untracked 
| 112|0x0000000087000000, 0x0000000087000000, 0x0000000087100000|  0%| F|  |TAMS 0x0000000087000000, 0x0000000087000000| Untracked 
| 113|0x0000000087100000, 0x0000000087100000, 0x0000000087200000|  0%| F|  |TAMS 0x0000000087100000, 0x0000000087100000| Untracked 
| 114|0x0000000087200000, 0x0000000087200000, 0x0000000087300000|  0%| F|  |TAMS 0x0000000087200000, 0x0000000087200000| Untracked 
| 115|0x0000000087300000, 0x0000000087300000, 0x0000000087400000|  0%| F|  |TAMS 0x0000000087300000, 0x0000000087300000| Untracked 
| 116|0x0000000087400000, 0x0000000087400000, 0x0000000087500000|  0%| F|  |TAMS 0x0000000087400000, 0x0000000087400000| Untracked 
| 117|0x0000000087500000, 0x0000000087500000, 0x0000000087600000|  0%| F|  |TAMS 0x0000000087500000, 0x0000000087500000| Untracked 
| 118|0x0000000087600000, 0x0000000087600000, 0x0000000087700000|  0%| F|  |TAMS 0x0000000087600000, 0x0000000087600000| Untracked 
| 119|0x0000000087700000, 0x0000000087700000, 0x0000000087800000|  0%| F|  |TAMS 0x0000000087700000, 0x0000000087700000| Untracked 
| 120|0x0000000087800000, 0x0000000087800000, 0x0000000087900000|  0%| F|  |TAMS 0x0000000087800000, 0x0000000087800000| Untracked 
| 121|0x0000000087900000, 0x0000000087900000, 0x0000000087a00000|  0%| F|  |TAMS 0x0000000087900000, 0x0000000087900000| Untracked 
| 122|0x0000000087a00000, 0x0000000087a00000, 0x0000000087b00000|  0%| F|  |TAMS 0x0000000087a00000, 0x0000000087a00000| Untracked 
| 123|0x0000000087b00000, 0x0000000087b00000, 0x0000000087c00000|  0%| F|  |TAMS 0x0000000087b00000, 0x0000000087b00000| Untracked 
| 124|0x0000000087c00000, 0x0000000087c00000, 0x0000000087d00000|  0%| F|  |TAMS 0x0000000087c00000, 0x0000000087c00000| Untracked 
| 125|0x0000000087d00000, 0x0000000087d00000, 0x0000000087e00000|  0%| F|  |TAMS 0x0000000087d00000, 0x0000000087d00000| Untracked 
| 126|0x0000000087e00000, 0x0000000087e00000, 0x0000000087f00000|  0%| F|  |TAMS 0x0000000087e00000, 0x0000000087e00000| Untracked 
| 127|0x0000000087f00000, 0x0000000087f00000, 0x0000000088000000|  0%| F|  |TAMS 0x0000000087f00000, 0x0000000087f00000| Untracked 
| 128|0x0000000088000000, 0x0000000088000000, 0x0000000088100000|  0%| F|  |TAMS 0x0000000088000000, 0x0000000088000000| Untracked 
| 129|0x0000000088100000, 0x0000000088100000, 0x0000000088200000|  0%| F|  |TAMS 0x0000000088100000, 0x0000000088100000| Untracked 
| 130|0x0000000088200000, 0x0000000088200000, 0x0000000088300000|  0%| F|  |TAMS 0x0000000088200000, 0x0000000088200000| Untracked 
| 131|0x0000000088300000, 0x0000000088300000, 0x0000000088400000|  0%| F|  |TAMS 0x0000000088300000, 0x0000000088300000| Untracked 
| 132|0x0000000088400000, 0x0000000088400000, 0x0000000088500000|  0%| F|  |TAMS 0x0000000088400000, 0x0000000088400000| Untracked 
| 133|0x0000000088500000, 0x0000000088500000, 0x0000000088600000|  0%| F|  |TAMS 0x0000000088500000, 0x0000000088500000| Untracked 
| 134|0x0000000088600000, 0x0000000088600000, 0x0000000088700000|  0%| F|  |TAMS 0x0000000088600000, 0x0000000088600000| Untracked 
| 135|0x0000000088700000, 0x0000000088700000, 0x0000000088800000|  0%| F|  |TAMS 0x0000000088700000, 0x0000000088700000| Untracked 
| 136|0x0000000088800000, 0x0000000088800000, 0x0000000088900000|  0%| F|  |TAMS 0x0000000088800000, 0x0000000088800000| Untracked 
| 137|0x0000000088900000, 0x0000000088900000, 0x0000000088a00000|  0%| F|  |TAMS 0x0000000088900000, 0x0000000088900000| Untracked 
| 138|0x0000000088a00000, 0x0000000088a00000, 0x0000000088b00000|  0%| F|  |TAMS 0x0000000088a00000, 0x0000000088a00000| Untracked 
| 139|0x0000000088b00000, 0x0000000088b00000, 0x0000000088c00000|  0%| F|  |TAMS 0x0000000088b00000, 0x0000000088b00000| Untracked 
| 140|0x0000000088c00000, 0x0000000088c00000, 0x0000000088d00000|  0%| F|  |TAMS 0x0000000088c00000, 0x0000000088c00000| Untracked 
| 141|0x0000000088d00000, 0x0000000088d00000, 0x0000000088e00000|  0%| F|  |TAMS 0x0000000088d00000, 0x0000000088d00000| Untracked 
| 142|0x0000000088e00000, 0x0000000088e00000, 0x0000000088f00000|  0%| F|  |TAMS 0x0000000088e00000, 0x0000000088e00000| Untracked 
| 143|0x0000000088f00000, 0x0000000088f00000, 0x0000000089000000|  0%| F|  |TAMS 0x0000000088f00000, 0x0000000088f00000| Untracked 
| 144|0x0000000089000000, 0x0000000089000000, 0x0000000089100000|  0%| F|  |TAMS 0x0000000089000000, 0x0000000089000000| Untracked 
| 145|0x0000000089100000, 0x0000000089100000, 0x0000000089200000|  0%| F|  |TAMS 0x0000000089100000, 0x0000000089100000| Untracked 
| 146|0x0000000089200000, 0x0000000089200000, 0x0000000089300000|  0%| F|  |TAMS 0x0000000089200000, 0x0000000089200000| Untracked 
| 147|0x0000000089300000, 0x0000000089300000, 0x0000000089400000|  0%| F|  |TAMS 0x0000000089300000, 0x0000000089300000| Untracked 
| 148|0x0000000089400000, 0x0000000089500000, 0x0000000089500000|100%| S|CS|TAMS 0x0000000089400000, 0x0000000089400000| Complete 
| 149|0x0000000089500000, 0x0000000089600000, 0x0000000089600000|100%| S|CS|TAMS 0x0000000089500000, 0x0000000089500000| Complete 
| 150|0x0000000089600000, 0x0000000089700000, 0x0000000089700000|100%| S|CS|TAMS 0x0000000089600000, 0x0000000089600000| Complete 
| 151|0x0000000089700000, 0x0000000089700000, 0x0000000089800000|  0%| F|  |TAMS 0x0000000089700000, 0x0000000089700000| Untracked 
| 152|0x0000000089800000, 0x0000000089800000, 0x0000000089900000|  0%| F|  |TAMS 0x0000000089800000, 0x0000000089800000| Untracked 
| 153|0x0000000089900000, 0x0000000089900000, 0x0000000089a00000|  0%| F|  |TAMS 0x0000000089900000, 0x0000000089900000| Untracked 
| 154|0x0000000089a00000, 0x0000000089a00000, 0x0000000089b00000|  0%| F|  |TAMS 0x0000000089a00000, 0x0000000089a00000| Untracked 
| 155|0x0000000089b00000, 0x0000000089b00000, 0x0000000089c00000|  0%| F|  |TAMS 0x0000000089b00000, 0x0000000089b00000| Untracked 
| 156|0x0000000089c00000, 0x0000000089c00000, 0x0000000089d00000|  0%| F|  |TAMS 0x0000000089c00000, 0x0000000089c00000| Untracked 
| 157|0x0000000089d00000, 0x0000000089d00000, 0x0000000089e00000|  0%| F|  |TAMS 0x0000000089d00000, 0x0000000089d00000| Untracked 
| 158|0x0000000089e00000, 0x0000000089e00000, 0x0000000089f00000|  0%| F|  |TAMS 0x0000000089e00000, 0x0000000089e00000| Untracked 
| 159|0x0000000089f00000, 0x0000000089f00000, 0x000000008a000000|  0%| F|  |TAMS 0x0000000089f00000, 0x0000000089f00000| Untracked 
| 160|0x000000008a000000, 0x000000008a000000, 0x000000008a100000|  0%| F|  |TAMS 0x000000008a000000, 0x000000008a000000| Untracked 
| 161|0x000000008a100000, 0x000000008a100000, 0x000000008a200000|  0%| F|  |TAMS 0x000000008a100000, 0x000000008a100000| Untracked 
| 162|0x000000008a200000, 0x000000008a200000, 0x000000008a300000|  0%| F|  |TAMS 0x000000008a200000, 0x000000008a200000| Untracked 
| 163|0x000000008a300000, 0x000000008a300000, 0x000000008a400000|  0%| F|  |TAMS 0x000000008a300000, 0x000000008a300000| Untracked 
| 164|0x000000008a400000, 0x000000008a400000, 0x000000008a500000|  0%| F|  |TAMS 0x000000008a400000, 0x000000008a400000| Untracked 
| 165|0x000000008a500000, 0x000000008a500000, 0x000000008a600000|  0%| F|  |TAMS 0x000000008a500000, 0x000000008a500000| Untracked 
| 166|0x000000008a600000, 0x000000008a600000, 0x000000008a700000|  0%| F|  |TAMS 0x000000008a600000, 0x000000008a600000| Untracked 
| 167|0x000000008a700000, 0x000000008a700000, 0x000000008a800000|  0%| F|  |TAMS 0x000000008a700000, 0x000000008a700000| Untracked 
| 168|0x000000008a800000, 0x000000008a800000, 0x000000008a900000|  0%| F|  |TAMS 0x000000008a800000, 0x000000008a800000| Untracked 
| 169|0x000000008a900000, 0x000000008a900000, 0x000000008aa00000|  0%| F|  |TAMS 0x000000008a900000, 0x000000008a900000| Untracked 
| 170|0x000000008aa00000, 0x000000008aa00000, 0x000000008ab00000|  0%| F|  |TAMS 0x000000008aa00000, 0x000000008aa00000| Untracked 
| 171|0x000000008ab00000, 0x000000008ab00000, 0x000000008ac00000|  0%| F|  |TAMS 0x000000008ab00000, 0x000000008ab00000| Untracked 
| 172|0x000000008ac00000, 0x000000008ac00000, 0x000000008ad00000|  0%| F|  |TAMS 0x000000008ac00000, 0x000000008ac00000| Untracked 
| 173|0x000000008ad00000, 0x000000008ad00000, 0x000000008ae00000|  0%| F|  |TAMS 0x000000008ad00000, 0x000000008ad00000| Untracked 
| 174|0x000000008ae00000, 0x000000008ae00000, 0x000000008af00000|  0%| F|  |TAMS 0x000000008ae00000, 0x000000008ae00000| Untracked 
| 175|0x000000008af00000, 0x000000008af00000, 0x000000008b000000|  0%| F|  |TAMS 0x000000008af00000, 0x000000008af00000| Untracked 
| 176|0x000000008b000000, 0x000000008b000000, 0x000000008b100000|  0%| F|  |TAMS 0x000000008b000000, 0x000000008b000000| Untracked 
| 177|0x000000008b100000, 0x000000008b100000, 0x000000008b200000|  0%| F|  |TAMS 0x000000008b100000, 0x000000008b100000| Untracked 
| 178|0x000000008b200000, 0x000000008b200000, 0x000000008b300000|  0%| F|  |TAMS 0x000000008b200000, 0x000000008b200000| Untracked 
| 179|0x000000008b300000, 0x000000008b300000, 0x000000008b400000|  0%| F|  |TAMS 0x000000008b300000, 0x000000008b300000| Untracked 
| 180|0x000000008b400000, 0x000000008b400000, 0x000000008b500000|  0%| F|  |TAMS 0x000000008b400000, 0x000000008b400000| Untracked 
| 181|0x000000008b500000, 0x000000008b500000, 0x000000008b600000|  0%| F|  |TAMS 0x000000008b500000, 0x000000008b500000| Untracked 
| 182|0x000000008b600000, 0x000000008b600000, 0x000000008b700000|  0%| F|  |TAMS 0x000000008b600000, 0x000000008b600000| Untracked 
| 183|0x000000008b700000, 0x000000008b700000, 0x000000008b800000|  0%| F|  |TAMS 0x000000008b700000, 0x000000008b700000| Untracked 
| 184|0x000000008b800000, 0x000000008b800000, 0x000000008b900000|  0%| F|  |TAMS 0x000000008b800000, 0x000000008b800000| Untracked 
| 185|0x000000008b900000, 0x000000008b900000, 0x000000008ba00000|  0%| F|  |TAMS 0x000000008b900000, 0x000000008b900000| Untracked 
| 186|0x000000008ba00000, 0x000000008ba00000, 0x000000008bb00000|  0%| F|  |TAMS 0x000000008ba00000, 0x000000008ba00000| Untracked 
| 187|0x000000008bb00000, 0x000000008bb00000, 0x000000008bc00000|  0%| F|  |TAMS 0x000000008bb00000, 0x000000008bb00000| Untracked 
| 188|0x000000008bc00000, 0x000000008bc00000, 0x000000008bd00000|  0%| F|  |TAMS 0x000000008bc00000, 0x000000008bc00000| Untracked 
| 189|0x000000008bd00000, 0x000000008bd00000, 0x000000008be00000|  0%| F|  |TAMS 0x000000008bd00000, 0x000000008bd00000| Untracked 
| 190|0x000000008be00000, 0x000000008be00000, 0x000000008bf00000|  0%| F|  |TAMS 0x000000008be00000, 0x000000008be00000| Untracked 
| 191|0x000000008bf00000, 0x000000008bf00000, 0x000000008c000000|  0%| F|  |TAMS 0x000000008bf00000, 0x000000008bf00000| Untracked 
| 192|0x000000008c000000, 0x000000008c000000, 0x000000008c100000|  0%| F|  |TAMS 0x000000008c000000, 0x000000008c000000| Untracked 
| 193|0x000000008c100000, 0x000000008c100000, 0x000000008c200000|  0%| F|  |TAMS 0x000000008c100000, 0x000000008c100000| Untracked 
| 194|0x000000008c200000, 0x000000008c200000, 0x000000008c300000|  0%| F|  |TAMS 0x000000008c200000, 0x000000008c200000| Untracked 
| 195|0x000000008c300000, 0x000000008c300000, 0x000000008c400000|  0%| F|  |TAMS 0x000000008c300000, 0x000000008c300000| Untracked 
| 196|0x000000008c400000, 0x000000008c400000, 0x000000008c500000|  0%| F|  |TAMS 0x000000008c400000, 0x000000008c400000| Untracked 
| 197|0x000000008c500000, 0x000000008c500000, 0x000000008c600000|  0%| F|  |TAMS 0x000000008c500000, 0x000000008c500000| Untracked 
| 198|0x000000008c600000, 0x000000008c600000, 0x000000008c700000|  0%| F|  |TAMS 0x000000008c600000, 0x000000008c600000| Untracked 
| 199|0x000000008c700000, 0x000000008c700000, 0x000000008c800000|  0%| F|  |TAMS 0x000000008c700000, 0x000000008c700000| Untracked 
| 200|0x000000008c800000, 0x000000008c800000, 0x000000008c900000|  0%| F|  |TAMS 0x000000008c800000, 0x000000008c800000| Untracked 
| 201|0x000000008c900000, 0x000000008c900000, 0x000000008ca00000|  0%| F|  |TAMS 0x000000008c900000, 0x000000008c900000| Untracked 
| 202|0x000000008ca00000, 0x000000008ca00000, 0x000000008cb00000|  0%| F|  |TAMS 0x000000008ca00000, 0x000000008ca00000| Untracked 
| 203|0x000000008cb00000, 0x000000008cb00000, 0x000000008cc00000|  0%| F|  |TAMS 0x000000008cb00000, 0x000000008cb00000| Untracked 
| 204|0x000000008cc00000, 0x000000008cc00000, 0x000000008cd00000|  0%| F|  |TAMS 0x000000008cc00000, 0x000000008cc00000| Untracked 
| 205|0x000000008cd00000, 0x000000008cd00000, 0x000000008ce00000|  0%| F|  |TAMS 0x000000008cd00000, 0x000000008cd00000| Untracked 
| 206|0x000000008ce00000, 0x000000008ce00000, 0x000000008cf00000|  0%| F|  |TAMS 0x000000008ce00000, 0x000000008ce00000| Untracked 
| 207|0x000000008cf00000, 0x000000008cf00000, 0x000000008d000000|  0%| F|  |TAMS 0x000000008cf00000, 0x000000008cf00000| Untracked 
| 208|0x000000008d000000, 0x000000008d000000, 0x000000008d100000|  0%| F|  |TAMS 0x000000008d000000, 0x000000008d000000| Untracked 
| 209|0x000000008d100000, 0x000000008d100000, 0x000000008d200000|  0%| F|  |TAMS 0x000000008d100000, 0x000000008d100000| Untracked 
| 210|0x000000008d200000, 0x000000008d200000, 0x000000008d300000|  0%| F|  |TAMS 0x000000008d200000, 0x000000008d200000| Untracked 
| 211|0x000000008d300000, 0x000000008d300000, 0x000000008d400000|  0%| F|  |TAMS 0x000000008d300000, 0x000000008d300000| Untracked 
| 212|0x000000008d400000, 0x000000008d400000, 0x000000008d500000|  0%| F|  |TAMS 0x000000008d400000, 0x000000008d400000| Untracked 
| 213|0x000000008d500000, 0x000000008d500000, 0x000000008d600000|  0%| F|  |TAMS 0x000000008d500000, 0x000000008d500000| Untracked 
| 214|0x000000008d600000, 0x000000008d600000, 0x000000008d700000|  0%| F|  |TAMS 0x000000008d600000, 0x000000008d600000| Untracked 
| 215|0x000000008d700000, 0x000000008d700000, 0x000000008d800000|  0%| F|  |TAMS 0x000000008d700000, 0x000000008d700000| Untracked 
| 216|0x000000008d800000, 0x000000008d800000, 0x000000008d900000|  0%| F|  |TAMS 0x000000008d800000, 0x000000008d800000| Untracked 
| 217|0x000000008d900000, 0x000000008d900000, 0x000000008da00000|  0%| F|  |TAMS 0x000000008d900000, 0x000000008d900000| Untracked 
| 218|0x000000008da00000, 0x000000008da00000, 0x000000008db00000|  0%| F|  |TAMS 0x000000008da00000, 0x000000008da00000| Untracked 
| 219|0x000000008db00000, 0x000000008db00000, 0x000000008dc00000|  0%| F|  |TAMS 0x000000008db00000, 0x000000008db00000| Untracked 
| 220|0x000000008dc00000, 0x000000008dc00000, 0x000000008dd00000|  0%| F|  |TAMS 0x000000008dc00000, 0x000000008dc00000| Untracked 
| 221|0x000000008dd00000, 0x000000008dd00000, 0x000000008de00000|  0%| F|  |TAMS 0x000000008dd00000, 0x000000008dd00000| Untracked 
| 222|0x000000008de00000, 0x000000008de00000, 0x000000008df00000|  0%| F|  |TAMS 0x000000008de00000, 0x000000008de00000| Untracked 
| 223|0x000000008df00000, 0x000000008df00000, 0x000000008e000000|  0%| F|  |TAMS 0x000000008df00000, 0x000000008df00000| Untracked 
| 224|0x000000008e000000, 0x000000008e000000, 0x000000008e100000|  0%| F|  |TAMS 0x000000008e000000, 0x000000008e000000| Untracked 
| 225|0x000000008e100000, 0x000000008e100000, 0x000000008e200000|  0%| F|  |TAMS 0x000000008e100000, 0x000000008e100000| Untracked 
| 226|0x000000008e200000, 0x000000008e200000, 0x000000008e300000|  0%| F|  |TAMS 0x000000008e200000, 0x000000008e200000| Untracked 
| 227|0x000000008e300000, 0x000000008e300000, 0x000000008e400000|  0%| F|  |TAMS 0x000000008e300000, 0x000000008e300000| Untracked 
| 228|0x000000008e400000, 0x000000008e4ea950, 0x000000008e500000| 91%| E|  |TAMS 0x000000008e400000, 0x000000008e400000| Complete 
| 229|0x000000008e500000, 0x000000008e600000, 0x000000008e600000|100%| E|  |TAMS 0x000000008e500000, 0x000000008e500000| Complete 
| 230|0x000000008e600000, 0x000000008e700000, 0x000000008e700000|100%| E|CS|TAMS 0x000000008e600000, 0x000000008e600000| Complete 
| 231|0x000000008e700000, 0x000000008e800000, 0x000000008e800000|100%| E|CS|TAMS 0x000000008e700000, 0x000000008e700000| Complete 
| 232|0x000000008e800000, 0x000000008e900000, 0x000000008e900000|100%| E|CS|TAMS 0x000000008e800000, 0x000000008e800000| Complete 
| 233|0x000000008e900000, 0x000000008ea00000, 0x000000008ea00000|100%| E|CS|TAMS 0x000000008e900000, 0x000000008e900000| Complete 
| 234|0x000000008ea00000, 0x000000008eb00000, 0x000000008eb00000|100%| E|CS|TAMS 0x000000008ea00000, 0x000000008ea00000| Complete 
| 235|0x000000008eb00000, 0x000000008ec00000, 0x000000008ec00000|100%| E|CS|TAMS 0x000000008eb00000, 0x000000008eb00000| Complete 
| 236|0x000000008ec00000, 0x000000008ed00000, 0x000000008ed00000|100%| E|CS|TAMS 0x000000008ec00000, 0x000000008ec00000| Complete 
| 237|0x000000008ed00000, 0x000000008ee00000, 0x000000008ee00000|100%| E|CS|TAMS 0x000000008ed00000, 0x000000008ed00000| Complete 
| 238|0x000000008ee00000, 0x000000008ef00000, 0x000000008ef00000|100%| E|CS|TAMS 0x000000008ee00000, 0x000000008ee00000| Complete 
| 239|0x000000008ef00000, 0x000000008f000000, 0x000000008f000000|100%| E|CS|TAMS 0x000000008ef00000, 0x000000008ef00000| Complete 
| 240|0x000000008f000000, 0x000000008f100000, 0x000000008f100000|100%| E|CS|TAMS 0x000000008f000000, 0x000000008f000000| Complete 
| 241|0x000000008f100000, 0x000000008f200000, 0x000000008f200000|100%| E|CS|TAMS 0x000000008f100000, 0x000000008f100000| Complete 
| 242|0x000000008f200000, 0x000000008f300000, 0x000000008f300000|100%| E|CS|TAMS 0x000000008f200000, 0x000000008f200000| Complete 
| 243|0x000000008f300000, 0x000000008f400000, 0x000000008f400000|100%| E|CS|TAMS 0x000000008f300000, 0x000000008f300000| Complete 
| 244|0x000000008f400000, 0x000000008f500000, 0x000000008f500000|100%| E|CS|TAMS 0x000000008f400000, 0x000000008f400000| Complete 
| 245|0x000000008f500000, 0x000000008f600000, 0x000000008f600000|100%| E|CS|TAMS 0x000000008f500000, 0x000000008f500000| Complete 
| 246|0x000000008f600000, 0x000000008f700000, 0x000000008f700000|100%| E|CS|TAMS 0x000000008f600000, 0x000000008f600000| Complete 
| 247|0x000000008f700000, 0x000000008f800000, 0x000000008f800000|100%| E|CS|TAMS 0x000000008f700000, 0x000000008f700000| Complete 
| 248|0x000000008f800000, 0x000000008f900000, 0x000000008f900000|100%| E|CS|TAMS 0x000000008f800000, 0x000000008f800000| Complete 
| 249|0x000000008f900000, 0x000000008fa00000, 0x000000008fa00000|100%| E|CS|TAMS 0x000000008f900000, 0x000000008f900000| Complete 

Card table byte_map: [0x0000017d259e0000,0x0000017d25de0000] _byte_map_base: 0x0000017d255e0000

Marking Bits (Prev, Next): (CMBitMap*) 0x0000017d12afc7f0, (CMBitMap*) 0x0000017d12afc7b8
 Prev Bits: [0x0000017d281e0000, 0x0000017d2a1e0000)
 Next Bits: [0x0000017d261e0000, 0x0000017d281e0000)

Polling page: 0x0000017d109b0000

Metaspace:

Usage:
  Non-class:    104.15 MB capacity,   102.05 MB ( 98%) used,     1.67 MB (  2%) free+waste,   438.13 KB ( <1%) overhead. 
      Class:     16.63 MB capacity,    15.19 MB ( 91%) used,     1.23 MB (  7%) free+waste,   208.13 KB (  1%) overhead. 
       Both:    120.78 MB capacity,   117.25 MB ( 97%) used,     2.90 MB (  2%) free+waste,   646.25 KB ( <1%) overhead. 

Virtual space:
  Non-class space:      108.00 MB reserved,     104.33 MB ( 97%) committed 
      Class space:        1.00 GB reserved,      16.75 MB (  2%) committed 
             Both:        1.11 GB reserved,     121.08 MB ( 11%) committed 

Chunk freelists:
   Non-Class:  55.00 KB
       Class:  28.00 KB
        Both:  83.00 KB

MaxMetaspaceSize: 17179869184.00 GB
CompressedClassSpaceSize: 1.00 GB
Initial GC threshold: 20.80 MB
Current GC threshold: 179.51 MB
CDS: off

CodeHeap 'non-profiled nmethods': size=120064Kb used=9698Kb max_used=9698Kb free=110365Kb
 bounds [0x0000017d1e0a0000, 0x0000017d1ea20000, 0x0000017d255e0000]
CodeHeap 'profiled nmethods': size=120000Kb used=34309Kb max_used=34309Kb free=85690Kb
 bounds [0x0000017d16b70000, 0x0000017d18d00000, 0x0000017d1e0a0000]
CodeHeap 'non-nmethods': size=5696Kb used=2467Kb max_used=2508Kb free=3228Kb
 bounds [0x0000017d165e0000, 0x0000017d16860000, 0x0000017d16b70000]
 total_blobs=16393 nmethods=15384 adapters=920
 compilation: enabled
              stopped_count=0, restarted_count=0
 full_count=0

Compilation events (20 events):
Event: 43.520 Thread 0x0000017d2cf74800 15328   !   3       java.security.Provider::getService (128 bytes)
Event: 43.520 Thread 0x0000017d2cf74800 nmethod 15328 0x0000017d18cc6090 code [0x0000017d18cc6300, 0x0000017d18cc7028]
Event: 43.531 Thread 0x0000017d32367000 nmethod 15319 0x0000017d1e9fe710 code [0x0000017d1e9fe9e0, 0x0000017d1ea00780]
Event: 43.532 Thread 0x0000017d32367000 15326 %     4       jdk.internal.org.objectweb.asm.Type::getArgumentTypes @ 34 (131 bytes)
Event: 43.541 Thread 0x0000017d2cf74800 15329 % !   3       com.sun.crypto.provider.PKCS12PBECipherCore::derive @ 233 (501 bytes)
Event: 43.541 Thread 0x0000017d32367000 nmethod 15326% 0x0000017d1ea01d10 code [0x0000017d1ea01ee0, 0x0000017d1ea02758]
Event: 43.543 Thread 0x0000017d2cf74800 nmethod 15329% 0x0000017d18cc7410 code [0x0000017d18cc7920, 0x0000017d18ccabc8]
Event: 43.556 Thread 0x0000017d32367000 15330 % !   4       com.sun.crypto.provider.PKCS12PBECipherCore::derive @ 233 (501 bytes)
Event: 43.601 Thread 0x0000017d2cf74800 15331       3       com.sun.crypto.provider.DESCrypt::cipherBlock (302 bytes)
Event: 43.602 Thread 0x0000017d2cf74800 nmethod 15331 0x0000017d18ccc910 code [0x0000017d18cccb40, 0x0000017d18ccd1e8]
Event: 43.602 Thread 0x0000017d2cf74800 15332       3       com.sun.crypto.provider.DESCrypt::initialPermutationLeft (256 bytes)
Event: 43.602 Thread 0x0000017d2cf74800 nmethod 15332 0x0000017d18ccd690 code [0x0000017d18ccd8c0, 0x0000017d18ccded8]
Event: 43.602 Thread 0x0000017d2cf74800 15333       3       com.sun.crypto.provider.DESCrypt::initialPermutationRight (256 bytes)
Event: 43.602 Thread 0x0000017d2cf74800 nmethod 15333 0x0000017d18cce490 code [0x0000017d18cce6c0, 0x0000017d18ccecd8]
Event: 43.602 Thread 0x0000017d2cf74800 15334       3       com.sun.crypto.provider.DESCrypt::perm (393 bytes)
Event: 43.602 Thread 0x0000017d2cf74800 nmethod 15334 0x0000017d18ccf290 code [0x0000017d18ccf4c0, 0x0000017d18ccfb18]
Event: 43.604 Thread 0x0000017d2cf74800 15335       3       java.util.regex.Pattern$Curly::match (91 bytes)
Event: 43.605 Thread 0x0000017d2cf74800 nmethod 15335 0x0000017d18cd0110 code [0x0000017d18cd0320, 0x0000017d18cd0778]
Event: 43.610 Thread 0x0000017d2cf74800 15336       3       com.android.builder.files.RelativeFile::equals (62 bytes)
Event: 43.611 Thread 0x0000017d2cf74800 nmethod 15336 0x0000017d18cd0910 code [0x0000017d18cd0b80, 0x0000017d18cd1878]

GC Heap History (20 events):
Event: 6.593 GC heap before
{Heap before GC invocations=8 (full 0):
 garbage-first heap   total 196608K, used 131975K [0x0000000080000000, 0x0000000100000000)
  region size 1024K, 110 young (112640K), 13 survivors (13312K)
 Metaspace       used 48956K, capacity 50248K, committed 50384K, reserved 1093632K
  class space    used 6170K, capacity 6688K, committed 6784K, reserved 1048576K
}
Event: 6.605 GC heap after
{Heap after GC invocations=9 (full 0):
 garbage-first heap   total 196608K, used 38781K [0x0000000080000000, 0x0000000100000000)
  region size 1024K, 14 young (14336K), 14 survivors (14336K)
 Metaspace       used 48956K, capacity 50248K, committed 50384K, reserved 1093632K
  class space    used 6170K, capacity 6688K, committed 6784K, reserved 1048576K
}
Event: 7.900 GC heap before
{Heap before GC invocations=9 (full 0):
 garbage-first heap   total 196608K, used 127869K [0x0000000080000000, 0x0000000100000000)
  region size 1024K, 97 young (99328K), 14 survivors (14336K)
 Metaspace       used 58805K, capacity 60156K, committed 60240K, reserved 1101824K
  class space    used 7350K, capacity 7854K, committed 7936K, reserved 1048576K
}
Event: 7.915 GC heap after
{Heap after GC invocations=10 (full 0):
 garbage-first heap   total 196608K, used 50393K [0x0000000080000000, 0x0000000100000000)
  region size 1024K, 14 young (14336K), 14 survivors (14336K)
 Metaspace       used 58805K, capacity 60156K, committed 60240K, reserved 1101824K
  class space    used 7350K, capacity 7854K, committed 7936K, reserved 1048576K
}
Event: 9.213 GC heap before
{Heap before GC invocations=11 (full 0):
 garbage-first heap   total 196608K, used 149721K [0x0000000080000000, 0x0000000100000000)
  region size 1024K, 104 young (106496K), 14 survivors (14336K)
 Metaspace       used 67034K, capacity 68521K, committed 68816K, reserved 1110016K
  class space    used 8373K, capacity 8963K, committed 9088K, reserved 1048576K
}
Event: 9.227 GC heap after
{Heap after GC invocations=12 (full 0):
 garbage-first heap   total 196608K, used 58632K [0x0000000080000000, 0x0000000100000000)
  region size 1024K, 8 young (8192K), 8 survivors (8192K)
 Metaspace       used 67034K, capacity 68521K, committed 68816K, reserved 1110016K
  class space    used 8373K, capacity 8963K, committed 9088K, reserved 1048576K
}
Event: 10.053 GC heap before
{Heap before GC invocations=12 (full 0):
 garbage-first heap   total 196608K, used 146696K [0x0000000080000000, 0x0000000100000000)
  region size 1024K, 94 young (96256K), 8 survivors (8192K)
 Metaspace       used 71106K, capacity 72587K, committed 72784K, reserved 1112064K
  class space    used 8875K, capacity 9461K, committed 9472K, reserved 1048576K
}
Event: 10.066 GC heap after
{Heap after GC invocations=13 (full 0):
 garbage-first heap   total 256000K, used 64336K [0x0000000080000000, 0x0000000100000000)
  region size 1024K, 7 young (7168K), 7 survivors (7168K)
 Metaspace       used 71106K, capacity 72587K, committed 72784K, reserved 1112064K
  class space    used 8875K, capacity 9461K, committed 9472K, reserved 1048576K
}
Event: 11.912 GC heap before
{Heap before GC invocations=13 (full 0):
 garbage-first heap   total 256000K, used 180048K [0x0000000080000000, 0x0000000100000000)
  region size 1024K, 120 young (122880K), 7 survivors (7168K)
 Metaspace       used 83213K, capacity 84977K, committed 85200K, reserved 1124352K
  class space    used 10683K, capacity 11356K, committed 11392K, reserved 1048576K
}
Event: 11.921 GC heap after
{Heap after GC invocations=14 (full 0):
 garbage-first heap   total 256000K, used 70687K [0x0000000080000000, 0x0000000100000000)
  region size 1024K, 13 young (13312K), 13 survivors (13312K)
 Metaspace       used 83213K, capacity 84977K, committed 85200K, reserved 1124352K
  class space    used 10683K, capacity 11356K, committed 11392K, reserved 1048576K
}
Event: 13.925 GC heap before
{Heap before GC invocations=14 (full 0):
 garbage-first heap   total 256000K, used 194591K [0x0000000080000000, 0x0000000100000000)
  region size 1024K, 135 young (138240K), 13 survivors (13312K)
 Metaspace       used 89265K, capacity 91333K, committed 91472K, reserved 1128448K
  class space    used 11395K, capacity 12167K, committed 12288K, reserved 1048576K
}
Event: 13.941 GC heap after
{Heap after GC invocations=15 (full 0):
 garbage-first heap   total 256000K, used 81641K [0x0000000080000000, 0x0000000100000000)
  region size 1024K, 17 young (17408K), 17 survivors (17408K)
 Metaspace       used 89265K, capacity 91333K, committed 91472K, reserved 1128448K
  class space    used 11395K, capacity 12167K, committed 12288K, reserved 1048576K
}
Event: 15.275 GC heap before
{Heap before GC invocations=15 (full 0):
 garbage-first heap   total 256000K, used 195305K [0x0000000080000000, 0x0000000100000000)
  region size 1024K, 129 young (132096K), 17 survivors (17408K)
 Metaspace       used 95027K, capacity 97152K, committed 97360K, reserved 1134592K
  class space    used 12100K, capacity 12933K, committed 13056K, reserved 1048576K
}
Event: 15.290 GC heap after
{Heap after GC invocations=16 (full 0):
 garbage-first heap   total 256000K, used 87807K [0x0000000080000000, 0x0000000100000000)
  region size 1024K, 6 young (6144K), 6 survivors (6144K)
 Metaspace       used 95027K, capacity 97152K, committed 97360K, reserved 1134592K
  class space    used 12100K, capacity 12933K, committed 13056K, reserved 1048576K
}
Event: 17.875 GC heap before
{Heap before GC invocations=16 (full 0):
 garbage-first heap   total 256000K, used 195327K [0x0000000080000000, 0x0000000100000000)
  region size 1024K, 113 young (115712K), 6 survivors (6144K)
 Metaspace       used 98484K, capacity 100674K, committed 100816K, reserved 1136640K
  class space    used 12484K, capacity 13361K, committed 13440K, reserved 1048576K
}
Event: 17.890 GC heap after
{Heap after GC invocations=17 (full 0):
 garbage-first heap   total 256000K, used 94333K [0x0000000080000000, 0x0000000100000000)
  region size 1024K, 13 young (13312K), 13 survivors (13312K)
 Metaspace       used 98484K, capacity 100674K, committed 100816K, reserved 1136640K
  class space    used 12484K, capacity 13361K, committed 13440K, reserved 1048576K
}
Event: 41.501 GC heap before
{Heap before GC invocations=18 (full 0):
 garbage-first heap   total 256000K, used 203901K [0x0000000080000000, 0x0000000100000000)
  region size 1024K, 119 young (121856K), 13 survivors (13312K)
 Metaspace       used 107152K, capacity 109808K, committed 110032K, reserved 1144832K
  class space    used 13658K, capacity 14651K, committed 14720K, reserved 1048576K
}
Event: 41.523 GC heap after
{Heap after GC invocations=19 (full 0):
 garbage-first heap   total 256000K, used 103089K [0x0000000080000000, 0x0000000100000000)
  region size 1024K, 15 young (15360K), 15 survivors (15360K)
 Metaspace       used 107152K, capacity 109808K, committed 110032K, reserved 1144832K
  class space    used 13658K, capacity 14651K, committed 14720K, reserved 1048576K
}
Event: 43.334 GC heap before
{Heap before GC invocations=20 (full 0):
 garbage-first heap   total 256000K, used 204465K [0x0000000080000000, 0x0000000100000000)
  region size 1024K, 114 young (116736K), 15 survivors (15360K)
 Metaspace       used 118660K, capacity 122146K, committed 122448K, reserved 1155072K
  class space    used 15384K, capacity 16814K, committed 16896K, reserved 1048576K
}
Event: 43.347 GC heap after
{Heap after GC invocations=21 (full 0):
 garbage-first heap   total 256000K, used 104442K [0x0000000080000000, 0x0000000100000000)
  region size 1024K, 3 young (3072K), 3 survivors (3072K)
 Metaspace       used 118660K, capacity 122146K, committed 122448K, reserved 1155072K
  class space    used 15384K, capacity 16814K, committed 16896K, reserved 1048576K
}

Deoptimization events (20 events):
Event: 43.610 Thread 0x0000017d367af800 Uncommon trap: trap_request=0xffffffde fr.pc=0x0000017d1e7ed4fc relative=0x000000000000087c
Event: 43.610 Thread 0x0000017d367af800 Uncommon trap: reason=class_check action=maybe_recompile pc=0x0000017d1e7ed4fc method=com.google.common.collect.Iterables.castOrCopyToCollection(Ljava/lang/Iterable;)Ljava/util/Collection; @ 1 c2
Event: 43.610 Thread 0x0000017d367af800 DEOPT PACKING pc=0x0000017d1e7ed4fc sp=0x00000044624fd780
Event: 43.610 Thread 0x0000017d367af800 DEOPT UNPACKING pc=0x0000017d1662a1af sp=0x00000044624fd680 mode 2
Event: 43.610 Thread 0x0000017d367af800 Uncommon trap: trap_request=0xffffffde fr.pc=0x0000017d1e7f6860 relative=0x0000000000000200
Event: 43.610 Thread 0x0000017d367af800 Uncommon trap: reason=class_check action=maybe_recompile pc=0x0000017d1e7f6860 method=com.google.common.collect.ImmutableMap.copyOf(Ljava/util/Map;)Lcom/google/common/collect/ImmutableMap; @ 49 c2
Event: 43.610 Thread 0x0000017d367af800 DEOPT PACKING pc=0x0000017d1e7f6860 sp=0x00000044624fd810
Event: 43.610 Thread 0x0000017d367af800 DEOPT UNPACKING pc=0x0000017d1662a1af sp=0x00000044624fd7c8 mode 2
Event: 43.610 Thread 0x0000017d367af800 Uncommon trap: trap_request=0xffffffde fr.pc=0x0000017d1e7ed4fc relative=0x000000000000087c
Event: 43.610 Thread 0x0000017d367af800 Uncommon trap: reason=class_check action=maybe_recompile pc=0x0000017d1e7ed4fc method=com.google.common.collect.Iterables.castOrCopyToCollection(Ljava/lang/Iterable;)Ljava/util/Collection; @ 1 c2
Event: 43.610 Thread 0x0000017d367af800 DEOPT PACKING pc=0x0000017d1e7ed4fc sp=0x00000044624fd780
Event: 43.610 Thread 0x0000017d367af800 DEOPT UNPACKING pc=0x0000017d1662a1af sp=0x00000044624fd680 mode 2
Event: 43.611 Thread 0x0000017d367af800 Uncommon trap: trap_request=0xffffffde fr.pc=0x0000017d1e7f6860 relative=0x0000000000000200
Event: 43.611 Thread 0x0000017d367af800 Uncommon trap: reason=class_check action=maybe_recompile pc=0x0000017d1e7f6860 method=com.google.common.collect.ImmutableMap.copyOf(Ljava/util/Map;)Lcom/google/common/collect/ImmutableMap; @ 49 c2
Event: 43.611 Thread 0x0000017d367af800 DEOPT PACKING pc=0x0000017d1e7f6860 sp=0x00000044624fd810
Event: 43.611 Thread 0x0000017d367af800 DEOPT UNPACKING pc=0x0000017d1662a1af sp=0x00000044624fd7c8 mode 2
Event: 43.611 Thread 0x0000017d367af800 Uncommon trap: trap_request=0xffffffde fr.pc=0x0000017d1e7ed4fc relative=0x000000000000087c
Event: 43.611 Thread 0x0000017d367af800 Uncommon trap: reason=class_check action=maybe_recompile pc=0x0000017d1e7ed4fc method=com.google.common.collect.Iterables.castOrCopyToCollection(Ljava/lang/Iterable;)Ljava/util/Collection; @ 1 c2
Event: 43.611 Thread 0x0000017d367af800 DEOPT PACKING pc=0x0000017d1e7ed4fc sp=0x00000044624fd780
Event: 43.611 Thread 0x0000017d367af800 DEOPT UNPACKING pc=0x0000017d1662a1af sp=0x00000044624fd680 mode 2

Classes redefined (0 events):
No events

Internal exceptions (20 events):
Event: 42.834 Thread 0x0000017d367ac000 Exception <a 'sun/nio/fs/WindowsException'{0x000000008a764cf0}> (0x000000008a764cf0) thrown at [./src/hotspot/share/prims/jni.cpp, line 616]
Event: 42.864 Thread 0x0000017d367ab000 Exception <a 'sun/nio/fs/WindowsException'{0x000000008a5db590}> (0x000000008a5db590) thrown at [./src/hotspot/share/prims/jni.cpp, line 616]
Event: 42.906 Thread 0x0000017d367ac000 Exception <a 'sun/nio/fs/WindowsException'{0x000000008a7789c0}> (0x000000008a7789c0) thrown at [./src/hotspot/share/prims/jni.cpp, line 616]
Event: 42.945 Thread 0x0000017d367ab000 Exception <a 'sun/nio/fs/WindowsException'{0x000000008a5e4360}> (0x000000008a5e4360) thrown at [./src/hotspot/share/prims/jni.cpp, line 616]
Event: 42.948 Thread 0x0000017d367ab000 Exception <a 'sun/nio/fs/WindowsException'{0x000000008a3fdca0}> (0x000000008a3fdca0) thrown at [./src/hotspot/share/prims/jni.cpp, line 616]
Event: 42.969 Thread 0x0000017d367ab000 Exception <a 'sun/nio/fs/WindowsException'{0x000000008a252bb0}> (0x000000008a252bb0) thrown at [./src/hotspot/share/prims/jni.cpp, line 616]
Event: 42.978 Thread 0x0000017d367ab000 Exception <a 'sun/nio/fs/WindowsException'{0x000000008a29be40}> (0x000000008a29be40) thrown at [./src/hotspot/share/prims/jni.cpp, line 616]
Event: 42.979 Thread 0x0000017d367ab000 Exception <a 'sun/nio/fs/WindowsException'{0x000000008a142310}> (0x000000008a142310) thrown at [./src/hotspot/share/prims/jni.cpp, line 616]
Event: 43.005 Thread 0x0000017d367aa800 Exception <a 'java/lang/NoSuchMethodError'{0x000000008a0bfe10}: <clinit>> (0x000000008a0bfe10) thrown at [./src/hotspot/share/prims/jni.cpp, line 1366]
Event: 43.064 Thread 0x0000017d367b6800 Exception <a 'sun/nio/fs/WindowsException'{0x0000000089edf578}> (0x0000000089edf578) thrown at [./src/hotspot/share/prims/jni.cpp, line 616]
Event: 43.147 Thread 0x0000017d367b6800 Exception <a 'sun/nio/fs/WindowsException'{0x000000008996c0a8}> (0x000000008996c0a8) thrown at [./src/hotspot/share/prims/jni.cpp, line 616]
Event: 43.298 Thread 0x0000017d367ae800 Exception <a 'sun/nio/fs/WindowsException'{0x000000008984e9e8}> (0x000000008984e9e8) thrown at [./src/hotspot/share/prims/jni.cpp, line 616]
Event: 43.298 Thread 0x0000017d367ae800 Exception <a 'sun/nio/fs/WindowsException'{0x000000008984f860}> (0x000000008984f860) thrown at [./src/hotspot/share/prims/jni.cpp, line 616]
Event: 43.424 Thread 0x0000017d367af800 Exception <a 'sun/nio/fs/WindowsException'{0x000000008f664728}> (0x000000008f664728) thrown at [./src/hotspot/share/prims/jni.cpp, line 616]
Event: 43.429 Thread 0x0000017d367af800 Implicit null exception at 0x0000017d1e720353 to 0x0000017d1e7230b8
Event: 43.483 Thread 0x0000017d367af800 Exception <a 'java/lang/NoSuchMethodError'{0x000000008f26d500}: 'java.lang.Object java.lang.invoke.DirectMethodHandle$Holder.invokeStatic(java.lang.Object, java.lang.Object, java.lang.Object, java.lang.Object, java.lang.Object, int, java.lang.Object)'> (0x000000008f26d500) thrown at [./src/hotspot/share/interpreter/linkResolver.cpp, line 773]
Event: 43.517 Thread 0x0000017d367af800 Exception <a 'java/lang/NoSuchMethodError'{0x000000008ee4f670}: 'java.lang.Object java.lang.invoke.DirectMethodHandle$Holder.invokeSpecial(java.lang.Object, java.lang.Object, java.lang.Object, java.lang.Object, java.lang.Object, java.lang.Object, java.lang.Object, int, java.lang.Object)'> (0x000000008ee4f670) thrown at [./src/hotspot/share/interpreter/linkResolver.cpp, line 773]
Event: 43.517 Thread 0x0000017d367af800 Exception <a 'java/lang/NoSuchMethodError'{0x000000008ee58998}: 'java.lang.Object java.lang.invoke.DirectMethodHandle$Holder.invokeStatic(java.lang.Object, java.lang.Object, java.lang.Object, java.lang.Object, java.lang.Object, java.lang.Object, java.lang.Object, int)'> (0x000000008ee58998) thrown at [./src/hotspot/share/interpreter/linkResolver.cpp, line 773]
Event: 43.518 Thread 0x0000017d367af800 Exception <a 'java/lang/NoSuchMethodError'{0x000000008ee5cea0}: 'java.lang.Object java.lang.invoke.DirectMethodHandle$Holder.invokeSpecial(java.lang.Object, java.lang.Object, java.lang.Object, java.lang.Object, java.lang.Object, java.lang.Object, java.lang.Object, java.lang.Object, int)'> (0x000000008ee5cea0) thrown at [./src/hotspot/share/interpreter/linkResolver.cpp, line 773]
Event: 43.518 Thread 0x0000017d367af800 Exception <a 'java/lang/NoSuchMethodError'{0x000000008ee607e0}: 'java.lang.Object java.lang.invoke.Invokers$Holder.linkToTargetMethod(java.lang.Object, java.lang.Object, java.lang.Object, java.lang.Object, java.lang.Object, java.lang.Object, int, java.lang.Object)'> (0x000000008ee607e0) thrown at [./src/hotspot/share/interpreter/linkResolver.cpp, line 773]

Events (20 events):
Event: 43.608 loading class com/android/apksig/util/RunnablesProvider
Event: 43.608 loading class com/android/apksig/util/RunnablesProvider done
Event: 43.609 loading class com/android/apksig/util/RunnablesProvider
Event: 43.609 loading class com/android/apksig/util/RunnablesProvider done
Event: 43.609 loading class com/android/apksig/util/RunnablesExecutor
Event: 43.609 loading class com/android/apksig/util/RunnablesExecutor done
Event: 43.609 loading class com/android/apksig/util/RunnablesExecutor
Event: 43.609 loading class com/android/apksig/util/RunnablesExecutor done
Event: 43.612 loading class com/android/builder/internal/packaging/IncrementalPackager
Event: 43.612 loading class com/android/builder/internal/packaging/IncrementalPackager done
Event: 43.613 loading class com/android/tools/build/apkzlib/zfile/ApkCreator
Event: 43.613 loading class com/android/tools/build/apkzlib/zfile/ApkCreator done
Event: 43.613 Executing VM operation: CollectForMetadataAllocation
Event: 43.614 Executing VM operation: CollectForMetadataAllocation done
Event: 43.614 loading class com/android/build/gradle/internal/packaging/ApkCreatorFactories
Event: 43.614 loading class com/android/build/gradle/internal/packaging/ApkCreatorFactories done
Event: 43.615 loading class com/android/tools/build/apkzlib/zip/ZFileOptions
Event: 43.615 loading class com/android/tools/build/apkzlib/zip/ZFileOptions done
Event: 43.615 loading class com/android/tools/build/apkzlib/bytestorage/ByteStorageFactory
Event: 43.615 loading class com/android/tools/build/apkzlib/bytestorage/ByteStorageFactory done


Dynamic libraries:
0x00007ff7f1a30000 - 0x00007ff7f1a3a000 	C:\Program Files\Android\Android Studio\jre\bin\java.exe
0x00007ff82b230000 - 0x00007ff82b428000 	C:\WINDOWS\SYSTEM32\ntdll.dll
0x00007ff82b130000 - 0x00007ff82b1ef000 	C:\WINDOWS\System32\KERNEL32.DLL
0x00007ff828ed0000 - 0x00007ff8291a2000 	C:\WINDOWS\System32\KERNELBASE.dll
0x00007ff828b20000 - 0x00007ff828c20000 	C:\WINDOWS\System32\ucrtbase.dll
0x00007ff80e9b0000 - 0x00007ff80e9c9000 	C:\Program Files\Android\Android Studio\jre\bin\jli.dll
0x00007ff80e990000 - 0x00007ff80e9a7000 	C:\Program Files\Android\Android Studio\jre\bin\VCRUNTIME140.dll
0x00007ff8298e0000 - 0x00007ff829a7d000 	C:\WINDOWS\System32\USER32.dll
0x00007ff80eff0000 - 0x00007ff80f28a000 	C:\WINDOWS\WinSxS\amd64_microsoft.windows.common-controls_6595b64144ccf1df_6.0.19041.1110_none_60b5254171f9507e\COMCTL32.dll
0x00007ff829250000 - 0x00007ff829272000 	C:\WINDOWS\System32\win32u.dll
0x00007ff82adc0000 - 0x00007ff82adeb000 	C:\WINDOWS\System32\GDI32.dll
0x00007ff82b090000 - 0x00007ff82b12e000 	C:\WINDOWS\System32\msvcrt.dll
0x00007ff828a10000 - 0x00007ff828b1f000 	C:\WINDOWS\System32\gdi32full.dll
0x00007ff8291b0000 - 0x00007ff82924d000 	C:\WINDOWS\System32\msvcp_win.dll
0x00007ff82adf0000 - 0x00007ff82ae22000 	C:\WINDOWS\System32\IMM32.DLL
0x00007ff80e510000 - 0x00007ff80e5ad000 	C:\Program Files\Android\Android Studio\jre\bin\msvcp140.dll
0x00007ff8118c0000 - 0x00007ff8123c2000 	C:\Program Files\Android\Android Studio\jre\bin\server\jvm.dll
0x00007ff82abf0000 - 0x00007ff82ac9e000 	C:\WINDOWS\System32\ADVAPI32.dll
0x00007ff82af30000 - 0x00007ff82afcc000 	C:\WINDOWS\System32\sechost.dll
0x00007ff829290000 - 0x00007ff8293b5000 	C:\WINDOWS\System32\RPCRT4.dll
0x00007ff82b080000 - 0x00007ff82b088000 	C:\WINDOWS\System32\PSAPI.DLL
0x00007ff824530000 - 0x00007ff824539000 	C:\WINDOWS\SYSTEM32\WSOCK32.dll
0x00007ff82aec0000 - 0x00007ff82af2b000 	C:\WINDOWS\System32\WS2_32.dll
0x00007ff812e20000 - 0x00007ff812e47000 	C:\WINDOWS\SYSTEM32\WINMM.dll
0x00007ff823080000 - 0x00007ff82308a000 	C:\WINDOWS\SYSTEM32\VERSION.dll
0x00007ff826730000 - 0x00007ff826742000 	C:\WINDOWS\SYSTEM32\kernel.appcore.dll
0x00007ff823c70000 - 0x00007ff823c81000 	C:\Program Files\Android\Android Studio\jre\bin\verify.dll
0x00007ff810800000 - 0x00007ff8109e4000 	C:\WINDOWS\SYSTEM32\DBGHELP.DLL
0x00007ff811200000 - 0x00007ff81122c000 	C:\WINDOWS\SYSTEM32\dbgcore.DLL
0x00007ff828980000 - 0x00007ff828a02000 	C:\WINDOWS\System32\bcryptPrimitives.dll
0x00007ff81c0a0000 - 0x00007ff81c0c9000 	C:\Program Files\Android\Android Studio\jre\bin\java.dll
0x00007ff824520000 - 0x00007ff82452b000 	C:\Program Files\Android\Android Studio\jre\bin\jimage.dll
0x00007ff822e10000 - 0x00007ff822e28000 	C:\Program Files\Android\Android Studio\jre\bin\zip.dll
0x00007ff82a360000 - 0x00007ff82aaa3000 	C:\WINDOWS\System32\SHELL32.dll
0x00007ff826a10000 - 0x00007ff8271a2000 	C:\WINDOWS\SYSTEM32\windows.storage.dll
0x00007ff829500000 - 0x00007ff829854000 	C:\WINDOWS\System32\combase.dll
0x00007ff8282a0000 - 0x00007ff8282d0000 	C:\WINDOWS\SYSTEM32\Wldp.dll
0x00007ff829ef0000 - 0x00007ff829f9d000 	C:\WINDOWS\System32\SHCORE.dll
0x00007ff82a280000 - 0x00007ff82a2d5000 	C:\WINDOWS\System32\shlwapi.dll
0x00007ff828870000 - 0x00007ff82888f000 	C:\WINDOWS\SYSTEM32\profapi.dll
0x00007ff81cbb0000 - 0x00007ff81cbca000 	C:\Program Files\Android\Android Studio\jre\bin\net.dll
0x00007ff822350000 - 0x00007ff82245c000 	C:\WINDOWS\SYSTEM32\WINHTTP.dll
0x00007ff828010000 - 0x00007ff82807a000 	C:\WINDOWS\system32\mswsock.dll
0x00007ff81c080000 - 0x00007ff81c094000 	C:\Program Files\Android\Android Studio\jre\bin\nio.dll
0x00007ff812b90000 - 0x00007ff812bb7000 	C:\Users\admin\.gradle\native\e1d6ef7f7dcc3fd88c89a11ec53ec762bb8ba0a96d01ffa2cd45eb1d1d8dd5c5\windows-amd64\native-platform.dll
0x00007ffff91e0000 - 0x00007ffff9324000 	C:\Users\admin\.gradle\native\0d407fdbe67a94daf76414ababcb853783967236a71b16ec16e742cd7a986fd3\windows-amd64\native-platform-file-events.dll
0x00007ff8244a0000 - 0x00007ff8244aa000 	C:\Program Files\Android\Android Studio\jre\bin\management.dll
0x00007ff823c60000 - 0x00007ff823c6d000 	C:\Program Files\Android\Android Studio\jre\bin\management_ext.dll
0x00007ff828200000 - 0x00007ff828218000 	C:\WINDOWS\SYSTEM32\CRYPTSP.dll
0x00007ff827930000 - 0x00007ff827964000 	C:\WINDOWS\system32\rsaenh.dll
0x00007ff828c20000 - 0x00007ff828c47000 	C:\WINDOWS\System32\bcrypt.dll
0x00007ff828830000 - 0x00007ff82885e000 	C:\WINDOWS\SYSTEM32\USERENV.dll
0x00007ff8284a0000 - 0x00007ff8284ac000 	C:\WINDOWS\SYSTEM32\CRYPTBASE.dll
0x00007ff827d00000 - 0x00007ff827d3b000 	C:\WINDOWS\SYSTEM32\IPHLPAPI.DLL
0x00007ff829420000 - 0x00007ff829428000 	C:\WINDOWS\System32\NSI.dll
0x00007ff823750000 - 0x00007ff823767000 	C:\WINDOWS\SYSTEM32\dhcpcsvc6.DLL
0x00007ff823730000 - 0x00007ff82374d000 	C:\WINDOWS\SYSTEM32\dhcpcsvc.DLL
0x00007ff827d40000 - 0x00007ff827e0a000 	C:\WINDOWS\SYSTEM32\DNSAPI.dll
0x00007ff80e970000 - 0x00007ff80e98e000 	C:\Users\admin\AppData\Local\Temp\native-platform13895380584151751768dir\native-platform.dll
0x00007ff80ff50000 - 0x00007ff80ff58000 	C:\Program Files\Android\Android Studio\jre\bin\rmi.dll
0x00007ff81b9c0000 - 0x00007ff81b9e7000 	C:\Program Files\Android\Android Studio\jre\bin\sunec.dll

dbghelp: loaded successfully - version: 4.0.5 - missing functions: none
symbol engine: initialized successfully - sym options: 0x614 - pdb path: .;C:\Program Files\Android\Android Studio\jre\bin;C:\WINDOWS\SYSTEM32;C:\WINDOWS\WinSxS\amd64_microsoft.windows.common-controls_6595b64144ccf1df_6.0.19041.1110_none_60b5254171f9507e;C:\Program Files\Android\Android Studio\jre\bin\server;C:\Users\admin\.gradle\native\e1d6ef7f7dcc3fd88c89a11ec53ec762bb8ba0a96d01ffa2cd45eb1d1d8dd5c5\windows-amd64;C:\Users\admin\.gradle\native\0d407fdbe67a94daf76414ababcb853783967236a71b16ec16e742cd7a986fd3\windows-amd64;C:\Users\admin\AppData\Local\Temp\native-platform13895380584151751768dir

VM Arguments:
jvm_args: --add-opens=java.base/java.util=ALL-UNNAMED --add-opens=java.base/java.lang=ALL-UNNAMED --add-opens=java.base/java.lang.invoke=ALL-UNNAMED --add-opens=java.base/java.util=ALL-UNNAMED --add-opens=java.prefs/java.util.prefs=ALL-UNNAMED --add-opens=java.prefs/java.util.prefs=ALL-UNNAMED --add-opens=java.base/java.nio.charset=ALL-UNNAMED --add-opens=java.base/java.net=ALL-UNNAMED --add-opens=java.base/java.util.concurrent.atomic=ALL-UNNAMED -Xmx2048m -Dfile.encoding=UTF-8 -Duser.country=RU -Duser.language=ru -Duser.variant 
java_command: org.gradle.launcher.daemon.bootstrap.GradleDaemon 7.4
java_class_path (initial): C:\Users\admin\.gradle\wrapper\dists\gradle-7.4-bin\c0gwcg53nkjbqw7r0h0umtfvt\gradle-7.4\lib\gradle-launcher-7.4.jar
Launcher Type: SUN_STANDARD

[Global flags]
     intx CICompilerCount                          = 3                                         {product} {ergonomic}
     uint ConcGCThreads                            = 1                                         {product} {ergonomic}
     uint G1ConcRefinementThreads                  = 4                                         {product} {ergonomic}
   size_t G1HeapRegionSize                         = 1048576                                   {product} {ergonomic}
    uintx GCDrainStackTargetSize                   = 64                                        {product} {ergonomic}
   size_t InitialHeapSize                          = 201326592                                 {product} {ergonomic}
   size_t MarkStackSize                            = 4194304                                   {product} {ergonomic}
   size_t MaxHeapSize                              = 2147483648                                {product} {command line}
   size_t MaxNewSize                               = 1287651328                                {product} {ergonomic}
   size_t MinHeapDeltaBytes                        = 1048576                                   {product} {ergonomic}
    uintx NonNMethodCodeHeapSize                   = 5830732                                {pd product} {ergonomic}
    uintx NonProfiledCodeHeapSize                  = 122913754                              {pd product} {ergonomic}
    uintx ProfiledCodeHeapSize                     = 122913754                              {pd product} {ergonomic}
    uintx ReservedCodeCacheSize                    = 251658240                              {pd product} {ergonomic}
     bool SegmentedCodeCache                       = true                                      {product} {ergonomic}
     bool UseCompressedClassPointers               = true                                 {lp64_product} {ergonomic}
     bool UseCompressedOops                        = true                                 {lp64_product} {ergonomic}
     bool UseG1GC                                  = true                                      {product} {ergonomic}
     bool UseLargePagesIndividualAllocation        = false                                  {pd product} {ergonomic}

Logging:
Log output configuration:
 #0: stdout all=warning uptime,level,tags
 #1: stderr all=off uptime,level,tags

Environment Variables:
PATH=C:\Program Files (x86)\Common Files\Oracle\Java\javapath;C:\WINDOWS\system32;C:\WINDOWS;C:\WINDOWS\System32\Wbem;C:\WINDOWS\System32\WindowsPowerShell\v1.0\;C:\WINDOWS\System32\OpenSSH\;C:\Program Files\Microsoft SQL Server\130\Tools\Binn\;C:\Program Files\dotnet\;C:\Program Files\Git\cmd;C:\Program Files (x86)\NVIDIA Corporation\PhysX\Common;C:\Program Files\Cloudflare\Cloudflare WARP\;C:\Users\admin\AppData\Local\Microsoft\WindowsApps;C:\Users\admin\.dotnet\tools;C:\Users\admin\AppData\Local\Programs\Microsoft VS Code\bin;C:\Users\admin\AppData\Local\GitHubDesktop\bin
USERNAME=admin
OS=Windows_NT
PROCESSOR_IDENTIFIER=Intel64 Family 6 Model 158 Stepping 10, GenuineIntel



---------------  S Y S T E M  ---------------

OS: Windows 10 , 64 bit Build 19041 (10.0.19041.2251)
OS uptime: 0 days 4:24 hours

CPU:total 4 (initial active 4) (4 cores per cpu, 1 threads per core) family 6 model 158 stepping 10 microcode 0xb4, cmov, cx8, fxsr, mmx, sse, sse2, sse3, ssse3, sse4.1, sse4.2, popcnt, avx, avx2, aes, clmul, erms, 3dnowpref, lzcnt, tsc, tscinvbit, bmi1, bmi2, adx, fma

Memory: 4k page, system-wide physical 12232M (2337M free)
TotalPageFile size 13032M (AvailPageFile size 4M)
current process WorkingSet (physical memory assigned to process): 571M, peak: 572M
current process commit charge ("private bytes"): 600M, peak: 608M

vm_info: OpenJDK 64-Bit Server VM (11.0.13+0-b1751.21-8125866) for windows-amd64 JRE (11.0.13+0-b1751.21-8125866), built on Feb  2 2022 03:00:22 by "builder" with MS VC++ 14.0 (VS2015)

END.
